  [1m[35m (20.1ms)[0m  [1m[35mCREATE TABLE "schema_migrations" ("version" character varying NOT NULL PRIMARY KEY)[0m
  [1m[35m (1.3ms)[0m  [1m[35mCREATE TABLE "ar_internal_metadata" ("key" character varying NOT NULL PRIMARY KEY, "value" character varying, "created_at" timestamp(6) NOT NULL, "updated_at" timestamp(6) NOT NULL)[0m
  [1m[35m (0.4ms)[0m  [1m[34mSELECT pg_try_advisory_lock(6983854336013844870)[0m
  [1m[35m (0.4ms)[0m  [1m[34mSELECT "schema_migrations"."version" FROM "schema_migrations" ORDER BY "schema_migrations"."version" ASC[0m
Migrating to CreateUsers (20230111035757)
  [1m[36mTRANSACTION (0.1ms)[0m  [1m[35mBEGIN[0m
  [1m[35m (9.3ms)[0m  [1m[35mCREATE TABLE "users" ("id" bigserial primary key, "username" character varying, "password_digest" character varying, "first_name" character varying, "last_name" character varying, "avatar" character varying, "created_at" timestamp(6) NOT NULL, "updated_at" timestamp(6) NOT NULL)[0m
  [1m[36mActiveRecord::SchemaMigration Create (0.5ms)[0m  [1m[32mINSERT INTO "schema_migrations" ("version") VALUES ($1) RETURNING "version"[0m  [["version", "20230111035757"]]
  [1m[36mTRANSACTION (0.5ms)[0m  [1m[35mCOMMIT[0m
Migrating to CreateMovies (20230111035932)
  [1m[36mTRANSACTION (0.3ms)[0m  [1m[35mBEGIN[0m
  [1m[35m (4.0ms)[0m  [1m[35mCREATE TABLE "movies" ("id" bigserial primary key, "title" character varying, "poster_path" character varying, "backdrop_path" character varying, "overview" character varying, "created_at" timestamp(6) NOT NULL, "updated_at" timestamp(6) NOT NULL)[0m
  [1m[36mActiveRecord::SchemaMigration Create (0.4ms)[0m  [1m[32mINSERT INTO "schema_migrations" ("version") VALUES ($1) RETURNING "version"[0m  [["version", "20230111035932"]]
  [1m[36mTRANSACTION (0.4ms)[0m  [1m[35mCOMMIT[0m
Migrating to CreateMyLists (20230111035941)
  [1m[36mTRANSACTION (0.4ms)[0m  [1m[35mBEGIN[0m
  [1m[35m (2.8ms)[0m  [1m[35mCREATE TABLE "my_lists" ("id" bigserial primary key, "title" character varying, "poster_path" character varying, "movie_id" bigint, "created_at" timestamp(6) NOT NULL, "updated_at" timestamp(6) NOT NULL)[0m
  [1m[35m (1.1ms)[0m  [1m[35mCREATE INDEX "index_my_lists_on_movie_id" ON "my_lists" ("movie_id")[0m
  [1m[36mActiveRecord::SchemaMigration Create (0.3ms)[0m  [1m[32mINSERT INTO "schema_migrations" ("version") VALUES ($1) RETURNING "version"[0m  [["version", "20230111035941"]]
  [1m[36mTRANSACTION (0.3ms)[0m  [1m[35mCOMMIT[0m
  [1m[36mActiveRecord::InternalMetadata Load (0.1ms)[0m  [1m[34mSELECT "ar_internal_metadata".* FROM "ar_internal_metadata" WHERE "ar_internal_metadata"."key" = $1 LIMIT $2[0m  [["key", "environment"], ["LIMIT", 1]]
  [1m[36mTRANSACTION (0.2ms)[0m  [1m[35mBEGIN[0m
  [1m[36mActiveRecord::InternalMetadata Create (3.5ms)[0m  [1m[32mINSERT INTO "ar_internal_metadata" ("key", "value", "created_at", "updated_at") VALUES ($1, $2, $3, $4) RETURNING "key"[0m  [["key", "environment"], ["value", "development"], ["created_at", "2023-01-11 04:09:16.373444"], ["updated_at", "2023-01-11 04:09:16.373444"]]
  [1m[36mTRANSACTION (0.2ms)[0m  [1m[35mCOMMIT[0m
  [1m[35m (0.4ms)[0m  [1m[34mSELECT pg_advisory_unlock(6983854336013844870)[0m
  [1m[35m (0.2ms)[0m  [1m[34mSELECT "schema_migrations"."version" FROM "schema_migrations" ORDER BY "schema_migrations"."version" ASC[0m
  [1m[35m (0.2ms)[0m  [1m[34mSELECT "schema_migrations"."version" FROM "schema_migrations" ORDER BY "schema_migrations"."version" ASC[0m
  [1m[36mUser Load (0.2ms)[0m  [1m[34mSELECT "users".* FROM "users"[0m
  [1m[35m (0.1ms)[0m  [1m[34mSELECT pg_try_advisory_lock(6983854336013844870)[0m
  [1m[35m (0.7ms)[0m  [1m[34mSELECT "schema_migrations"."version" FROM "schema_migrations" ORDER BY "schema_migrations"."version" ASC[0m
  [1m[36mActiveRecord::InternalMetadata Load (1.0ms)[0m  [1m[34mSELECT "ar_internal_metadata".* FROM "ar_internal_metadata" WHERE "ar_internal_metadata"."key" = $1 LIMIT $2[0m  [["key", "environment"], ["LIMIT", 1]]
  [1m[35m (0.2ms)[0m  [1m[34mSELECT pg_advisory_unlock(6983854336013844870)[0m
  [1m[35m (0.5ms)[0m  [1m[34mSELECT "schema_migrations"."version" FROM "schema_migrations" ORDER BY "schema_migrations"."version" ASC[0m
  [1m[35m (0.2ms)[0m  [1m[34mSELECT "schema_migrations"."version" FROM "schema_migrations" ORDER BY "schema_migrations"."version" ASC[0m
  [1m[36mUser Load (0.2ms)[0m  [1m[34mSELECT "users".* FROM "users"[0m
  [1m[36mTRANSACTION (0.3ms)[0m  [1m[35mBEGIN[0m
  [1m[36mUser Exists? (2.4ms)[0m  [1m[34mSELECT 1 AS one FROM "users" WHERE "users"."username" = $1 LIMIT $2[0m  [["username", "liv"], ["LIMIT", 1]]
  [1m[36mUser Create (0.8ms)[0m  [1m[32mINSERT INTO "users" ("username", "password_digest", "first_name", "last_name", "avatar", "created_at", "updated_at") VALUES ($1, $2, $3, $4, $5, $6, $7) RETURNING "id"[0m  [["username", "liv"], ["password_digest", "$2a$12$DX6PlLxQvIEiU7eHIMHVQ.ku16zbfoXfVsh/JNZVhHSmxc0NMSyhG"], ["first_name", "Liv"], ["last_name", "N"], ["avatar", "https://upload.wikimedia.org/wikipedia/commons/0/0b/Netflix-avatar.png?20201013161117"], ["created_at", "2023-01-11 04:09:52.117441"], ["updated_at", "2023-01-11 04:09:52.117441"]]
  [1m[36mTRANSACTION (1.2ms)[0m  [1m[35mCOMMIT[0m
  [1m[35m (0.7ms)[0m  [1m[34mSELECT "schema_migrations"."version" FROM "schema_migrations" ORDER BY "schema_migrations"."version" ASC[0m
  [1m[36mUser Load (0.3ms)[0m  [1m[34mSELECT "users".* FROM "users" /* loading for inspect */ LIMIT $1[0m  [["LIMIT", 11]]
Started GET "/babel/parser/lib/index.js" for 127.0.0.1 at 2023-01-10 20:21:50 -0800
  [1m[35m (0.8ms)[0m  [1m[34mSELECT "schema_migrations"."version" FROM "schema_migrations" ORDER BY "schema_migrations"."version" ASC[0m
  
ActionController::RoutingError (No route matches [GET] "/babel/parser/lib/index.js"):
  
Started GET "/babel/parser/lib/index.js" for 127.0.0.1 at 2023-01-10 20:21:50 -0800
  [1m[35m (0.9ms)[0m  [1m[34mSELECT "schema_migrations"."version" FROM "schema_migrations" ORDER BY "schema_migrations"."version" ASC[0m
  
ActionController::RoutingError (No route matches [GET] "/babel/parser/lib/index.js"):
  
Started GET "/babel/parser/lib/index.js" for 127.0.0.1 at 2023-01-10 20:21:50 -0800
  
ActionController::RoutingError (No route matches [GET] "/babel/parser/lib/index.js"):
  
Started GET "/babel/parser/lib/index.js" for 127.0.0.1 at 2023-01-10 20:21:50 -0800
  
ActionController::RoutingError (No route matches [GET] "/babel/parser/lib/index.js"):
  
Started GET "/babel/parser/lib/index.js" for 127.0.0.1 at 2023-01-10 20:21:50 -0800
  
ActionController::RoutingError (No route matches [GET] "/babel/parser/lib/index.js"):
  
Started GET "/babel/parser/lib/index.js" for 127.0.0.1 at 2023-01-10 20:21:50 -0800
  
ActionController::RoutingError (No route matches [GET] "/babel/parser/lib/index.js"):
  
Started GET "/babel/parser/lib/index.js" for 127.0.0.1 at 2023-01-10 20:21:50 -0800
  
ActionController::RoutingError (No route matches [GET] "/babel/parser/lib/index.js"):
  
Started GET "/me" for 127.0.0.1 at 2023-01-10 20:21:50 -0800
Processing by UsersController#show as */*
  [1m[36mUser Load (0.4ms)[0m  [1m[34mSELECT "users".* FROM "users" WHERE "users"."id" IS NULL LIMIT $1[0m  [["LIMIT", 1]]
  ↳ app/controllers/users_controller.rb:9:in `show'
[active_model_serializers] Rendered ActiveModel::Serializer::Null with Hash (0.04ms)
Completed 404 Not Found in 38ms (Views: 1.3ms | ActiveRecord: 2.6ms | Allocations: 7385)


Started GET "/babel/parser/lib/index.js" for 127.0.0.1 at 2023-01-10 20:21:50 -0800
  [1m[35m (0.6ms)[0m  [1m[34mSELECT "schema_migrations"."version" FROM "schema_migrations" ORDER BY "schema_migrations"."version" ASC[0m
  
ActionController::RoutingError (No route matches [GET] "/babel/parser/lib/index.js"):
  
Started GET "/babel/parser/lib/index.js" for 127.0.0.1 at 2023-01-10 20:21:50 -0800
  [1m[35m (0.7ms)[0m  [1m[34mSELECT "schema_migrations"."version" FROM "schema_migrations" ORDER BY "schema_migrations"."version" ASC[0m
  
ActionController::RoutingError (No route matches [GET] "/babel/parser/lib/index.js"):
  
Started GET "/me" for 127.0.0.1 at 2023-01-10 20:22:22 -0800
Processing by UsersController#show as */*
  [1m[36mUser Load (0.5ms)[0m  [1m[34mSELECT "users".* FROM "users" WHERE "users"."id" IS NULL LIMIT $1[0m  [["LIMIT", 1]]
  ↳ app/controllers/users_controller.rb:9:in `show'
[active_model_serializers] Rendered ActiveModel::Serializer::Null with Hash (0.04ms)
Completed 404 Not Found in 12ms (Views: 0.7ms | ActiveRecord: 2.2ms | Allocations: 6500)


Started GET "/me" for 127.0.0.1 at 2023-01-10 20:22:23 -0800
Processing by UsersController#show as */*
  [1m[36mUser Load (0.3ms)[0m  [1m[34mSELECT "users".* FROM "users" WHERE "users"."id" IS NULL LIMIT $1[0m  [["LIMIT", 1]]
  ↳ app/controllers/users_controller.rb:9:in `show'
[active_model_serializers] Rendered ActiveModel::Serializer::Null with Hash (0.05ms)
Completed 404 Not Found in 18ms (Views: 0.5ms | ActiveRecord: 7.1ms | Allocations: 6500)


Started GET "/road-trip-logo.png" for 127.0.0.1 at 2023-01-10 20:23:04 -0800
  
ActionController::RoutingError (No route matches [GET] "/road-trip-logo.png"):
  
Started GET "/road-trip-logo.png" for 127.0.0.1 at 2023-01-10 20:23:18 -0800
  
ActionController::RoutingError (No route matches [GET] "/road-trip-logo.png"):
  
Started GET "/me" for 127.0.0.1 at 2023-01-10 20:23:52 -0800
Processing by UsersController#show as */*
  [1m[36mUser Load (8.3ms)[0m  [1m[34mSELECT "users".* FROM "users" WHERE "users"."id" IS NULL LIMIT $1[0m  [["LIMIT", 1]]
  ↳ app/controllers/users_controller.rb:9:in `show'
[active_model_serializers] Rendered ActiveModel::Serializer::Null with Hash (0.03ms)
Completed 404 Not Found in 10ms (Views: 0.2ms | ActiveRecord: 8.3ms | Allocations: 1350)


Started POST "/login" for 127.0.0.1 at 2023-01-10 20:23:53 -0800
Processing by SessionsController#login as */*
  Parameters: {"username"=>"liv", "password"=>"[FILTERED]", "session"=>{"username"=>"liv", "password"=>"[FILTERED]"}}
  [1m[36mUser Load (0.4ms)[0m  [1m[34mSELECT "users".* FROM "users" WHERE "users"."username" = $1 LIMIT $2[0m  [["username", "liv"], ["LIMIT", 1]]
  ↳ app/controllers/sessions_controller.rb:5:in `login'
[active_model_serializers] Rendered UserSerializer with ActiveModelSerializers::Adapter::Attributes (0.2ms)
Completed 200 OK in 270ms (Views: 6.3ms | ActiveRecord: 4.1ms | Allocations: 6622)


Started GET "/me" for 127.0.0.1 at 2023-01-10 20:24:17 -0800
Processing by UsersController#show as */*
  [1m[36mUser Load (0.3ms)[0m  [1m[34mSELECT "users".* FROM "users" WHERE "users"."id" = $1 LIMIT $2[0m  [["id", 1], ["LIMIT", 1]]
  ↳ app/controllers/users_controller.rb:9:in `show'
[active_model_serializers] Rendered UserSerializer with ActiveModelSerializers::Adapter::Attributes (0.22ms)
Completed 200 OK in 22ms (Views: 2.6ms | ActiveRecord: 8.9ms | Allocations: 10153)


Started POST "/login" for 127.0.0.1 at 2023-01-10 20:24:18 -0800
Processing by SessionsController#login as */*
  Parameters: {"username"=>"liv", "password"=>"[FILTERED]", "session"=>{"username"=>"liv", "password"=>"[FILTERED]"}}
  [1m[36mUser Load (0.4ms)[0m  [1m[34mSELECT "users".* FROM "users" WHERE "users"."username" = $1 LIMIT $2[0m  [["username", "liv"], ["LIMIT", 1]]
  ↳ app/controllers/sessions_controller.rb:5:in `login'
[active_model_serializers] Rendered UserSerializer with ActiveModelSerializers::Adapter::Attributes (0.1ms)
Completed 200 OK in 265ms (Views: 0.4ms | ActiveRecord: 0.4ms | Allocations: 826)


Started GET "/me" for 127.0.0.1 at 2023-01-10 20:24:56 -0800
Processing by UsersController#show as */*
  [1m[36mUser Load (0.2ms)[0m  [1m[34mSELECT "users".* FROM "users" WHERE "users"."id" = $1 LIMIT $2[0m  [["id", 1], ["LIMIT", 1]]
  ↳ app/controllers/users_controller.rb:9:in `show'
[active_model_serializers] Rendered UserSerializer with ActiveModelSerializers::Adapter::Attributes (0.19ms)
Completed 200 OK in 14ms (Views: 1.9ms | ActiveRecord: 6.8ms | Allocations: 6977)


Started POST "/login" for 127.0.0.1 at 2023-01-10 20:24:59 -0800
Processing by SessionsController#login as */*
  Parameters: {"username"=>"liv", "password"=>"[FILTERED]", "session"=>{"username"=>"liv", "password"=>"[FILTERED]"}}
  [1m[36mUser Load (0.3ms)[0m  [1m[34mSELECT "users".* FROM "users" WHERE "users"."username" = $1 LIMIT $2[0m  [["username", "liv"], ["LIMIT", 1]]
  ↳ app/controllers/sessions_controller.rb:5:in `login'
[active_model_serializers] Rendered UserSerializer with ActiveModelSerializers::Adapter::Attributes (0.17ms)
Completed 200 OK in 266ms (Views: 1.6ms | ActiveRecord: 8.8ms | Allocations: 6996)


Started GET "/me" for 127.0.0.1 at 2023-01-10 20:28:51 -0800
Processing by UsersController#show as */*
  [1m[36mUser Load (0.2ms)[0m  [1m[34mSELECT "users".* FROM "users" WHERE "users"."id" = $1 LIMIT $2[0m  [["id", 1], ["LIMIT", 1]]
  ↳ app/controllers/users_controller.rb:9:in `show'
[active_model_serializers] Rendered UserSerializer with ActiveModelSerializers::Adapter::Attributes (0.17ms)
Completed 200 OK in 10ms (Views: 0.8ms | ActiveRecord: 4.3ms | Allocations: 5633)


Started GET "/me" for 127.0.0.1 at 2023-01-10 20:28:54 -0800
Processing by UsersController#show as */*
  [1m[36mUser Load (1.1ms)[0m  [1m[34mSELECT "users".* FROM "users" WHERE "users"."id" = $1 LIMIT $2[0m  [["id", 1], ["LIMIT", 1]]
  ↳ app/controllers/users_controller.rb:9:in `show'
[active_model_serializers] Rendered UserSerializer with ActiveModelSerializers::Adapter::Attributes (0.12ms)
Completed 200 OK in 3ms (Views: 0.4ms | ActiveRecord: 1.1ms | Allocations: 865)


Started GET "/me" for 127.0.0.1 at 2023-01-10 20:28:57 -0800
Processing by UsersController#show as */*
  [1m[36mUser Load (0.2ms)[0m  [1m[34mSELECT "users".* FROM "users" WHERE "users"."id" = $1 LIMIT $2[0m  [["id", 1], ["LIMIT", 1]]
  ↳ app/controllers/users_controller.rb:9:in `show'
[active_model_serializers] Rendered UserSerializer with ActiveModelSerializers::Adapter::Attributes (0.17ms)
Completed 200 OK in 13ms (Views: 0.7ms | ActiveRecord: 7.8ms | Allocations: 5628)


Started POST "/login" for 127.0.0.1 at 2023-01-10 20:28:58 -0800
Processing by SessionsController#login as */*
  Parameters: {"username"=>"liv", "password"=>"[FILTERED]", "session"=>{"username"=>"liv", "password"=>"[FILTERED]"}}
  [1m[36mUser Load (0.5ms)[0m  [1m[34mSELECT "users".* FROM "users" WHERE "users"."username" = $1 LIMIT $2[0m  [["username", "liv"], ["LIMIT", 1]]
  ↳ app/controllers/sessions_controller.rb:5:in `login'
[active_model_serializers] Rendered UserSerializer with ActiveModelSerializers::Adapter::Attributes (0.14ms)
Completed 200 OK in 272ms (Views: 0.4ms | ActiveRecord: 0.5ms | Allocations: 991)


Started GET "/me" for 127.0.0.1 at 2023-01-10 20:29:16 -0800
Processing by UsersController#show as */*
  [1m[36mUser Load (0.4ms)[0m  [1m[34mSELECT "users".* FROM "users" WHERE "users"."id" = $1 LIMIT $2[0m  [["id", 1], ["LIMIT", 1]]
  ↳ app/controllers/users_controller.rb:9:in `show'
[active_model_serializers] Rendered UserSerializer with ActiveModelSerializers::Adapter::Attributes (0.14ms)
Completed 200 OK in 2ms (Views: 0.4ms | ActiveRecord: 0.4ms | Allocations: 970)


Started GET "/me" for 127.0.0.1 at 2023-01-10 20:29:22 -0800
Processing by UsersController#show as */*
  [1m[36mUser Load (0.4ms)[0m  [1m[34mSELECT "users".* FROM "users" WHERE "users"."id" = $1 LIMIT $2[0m  [["id", 1], ["LIMIT", 1]]
  ↳ app/controllers/users_controller.rb:9:in `show'
[active_model_serializers] Rendered UserSerializer with ActiveModelSerializers::Adapter::Attributes (0.13ms)
Completed 200 OK in 2ms (Views: 0.3ms | ActiveRecord: 0.4ms | Allocations: 862)


Started GET "/users/babel/parser/lib/index.js" for 127.0.0.1 at 2023-01-10 20:29:25 -0800
  
ActionController::RoutingError (No route matches [GET] "/users/babel/parser/lib/index.js"):
  
Started GET "/me" for 127.0.0.1 at 2023-01-10 20:29:25 -0800
Processing by UsersController#show as */*
  [1m[36mUser Load (0.2ms)[0m  [1m[34mSELECT "users".* FROM "users" WHERE "users"."id" = $1 LIMIT $2[0m  [["id", 1], ["LIMIT", 1]]
  ↳ app/controllers/users_controller.rb:9:in `show'
[active_model_serializers] Rendered UserSerializer with ActiveModelSerializers::Adapter::Attributes (0.14ms)
Completed 200 OK in 2ms (Views: 0.3ms | ActiveRecord: 0.2ms | Allocations: 871)


Started GET "/me" for 127.0.0.1 at 2023-01-10 20:29:29 -0800
Processing by UsersController#show as */*
  [1m[36mUser Load (0.2ms)[0m  [1m[34mSELECT "users".* FROM "users" WHERE "users"."id" = $1 LIMIT $2[0m  [["id", 1], ["LIMIT", 1]]
  ↳ app/controllers/users_controller.rb:9:in `show'
[active_model_serializers] Rendered UserSerializer with ActiveModelSerializers::Adapter::Attributes (0.11ms)
Completed 200 OK in 1ms (Views: 0.3ms | ActiveRecord: 0.2ms | Allocations: 849)


Started GET "/me" for 127.0.0.1 at 2023-01-10 20:29:31 -0800
Processing by UsersController#show as */*
  [1m[36mUser Load (0.2ms)[0m  [1m[34mSELECT "users".* FROM "users" WHERE "users"."id" = $1 LIMIT $2[0m  [["id", 1], ["LIMIT", 1]]
  ↳ app/controllers/users_controller.rb:9:in `show'
[active_model_serializers] Rendered UserSerializer with ActiveModelSerializers::Adapter::Attributes (0.12ms)
Completed 200 OK in 1ms (Views: 0.3ms | ActiveRecord: 0.2ms | Allocations: 848)


Started GET "/users/babel/parser/lib/index.js" for 127.0.0.1 at 2023-01-10 20:29:40 -0800
  
ActionController::RoutingError (No route matches [GET] "/users/babel/parser/lib/index.js"):
  
Started GET "/me" for 127.0.0.1 at 2023-01-10 20:29:41 -0800
Processing by UsersController#show as */*
  [1m[36mUser Load (0.2ms)[0m  [1m[34mSELECT "users".* FROM "users" WHERE "users"."id" = $1 LIMIT $2[0m  [["id", 1], ["LIMIT", 1]]
  ↳ app/controllers/users_controller.rb:9:in `show'
[active_model_serializers] Rendered UserSerializer with ActiveModelSerializers::Adapter::Attributes (0.12ms)
Completed 200 OK in 3ms (Views: 0.3ms | ActiveRecord: 0.2ms | Allocations: 839)


Started GET "/users/babel/parser/lib/index.js" for 127.0.0.1 at 2023-01-10 20:30:05 -0800
  
ActionController::RoutingError (No route matches [GET] "/users/babel/parser/lib/index.js"):
  
Started GET "/me" for 127.0.0.1 at 2023-01-10 20:30:05 -0800
Processing by UsersController#show as */*
  [1m[36mUser Load (0.2ms)[0m  [1m[34mSELECT "users".* FROM "users" WHERE "users"."id" = $1 LIMIT $2[0m  [["id", 1], ["LIMIT", 1]]
  ↳ app/controllers/users_controller.rb:9:in `show'
[active_model_serializers] Rendered UserSerializer with ActiveModelSerializers::Adapter::Attributes (0.15ms)
Completed 200 OK in 2ms (Views: 0.4ms | ActiveRecord: 0.2ms | Allocations: 838)


Started POST "/login" for 127.0.0.1 at 2023-01-10 20:30:10 -0800
Processing by SessionsController#login as */*
  Parameters: {"username"=>"liv", "password"=>"[FILTERED]", "session"=>{"username"=>"liv", "password"=>"[FILTERED]"}}
  [1m[36mUser Load (0.3ms)[0m  [1m[34mSELECT "users".* FROM "users" WHERE "users"."username" = $1 LIMIT $2[0m  [["username", "liv"], ["LIMIT", 1]]
  ↳ app/controllers/sessions_controller.rb:5:in `login'
[active_model_serializers] Rendered UserSerializer with ActiveModelSerializers::Adapter::Attributes (0.13ms)
Completed 200 OK in 258ms (Views: 0.4ms | ActiveRecord: 0.3ms | Allocations: 870)


Started GET "/me" for 127.0.0.1 at 2023-01-10 20:30:23 -0800
Processing by UsersController#show as */*
  [1m[36mUser Load (0.2ms)[0m  [1m[34mSELECT "users".* FROM "users" WHERE "users"."id" = $1 LIMIT $2[0m  [["id", 1], ["LIMIT", 1]]
  ↳ app/controllers/users_controller.rb:9:in `show'
[active_model_serializers] Rendered UserSerializer with ActiveModelSerializers::Adapter::Attributes (0.13ms)
Completed 200 OK in 2ms (Views: 0.3ms | ActiveRecord: 0.2ms | Allocations: 842)


Started GET "/me" for 127.0.0.1 at 2023-01-10 20:30:24 -0800
Processing by UsersController#show as */*
  [1m[36mUser Load (0.2ms)[0m  [1m[34mSELECT "users".* FROM "users" WHERE "users"."id" = $1 LIMIT $2[0m  [["id", 1], ["LIMIT", 1]]
  ↳ app/controllers/users_controller.rb:9:in `show'
[active_model_serializers] Rendered UserSerializer with ActiveModelSerializers::Adapter::Attributes (0.11ms)
Completed 200 OK in 2ms (Views: 0.3ms | ActiveRecord: 0.2ms | Allocations: 849)


Started GET "/me" for 127.0.0.1 at 2023-01-10 20:30:38 -0800
Processing by UsersController#show as */*
  [1m[36mUser Load (0.2ms)[0m  [1m[34mSELECT "users".* FROM "users" WHERE "users"."id" = $1 LIMIT $2[0m  [["id", 1], ["LIMIT", 1]]
  ↳ app/controllers/users_controller.rb:9:in `show'
[active_model_serializers] Rendered UserSerializer with ActiveModelSerializers::Adapter::Attributes (0.19ms)
Completed 200 OK in 2ms (Views: 0.5ms | ActiveRecord: 0.2ms | Allocations: 842)


Started GET "/me" for 127.0.0.1 at 2023-01-10 20:30:39 -0800
Processing by UsersController#show as */*
  [1m[36mUser Load (0.4ms)[0m  [1m[34mSELECT "users".* FROM "users" WHERE "users"."id" = $1 LIMIT $2[0m  [["id", 1], ["LIMIT", 1]]
  ↳ app/controllers/users_controller.rb:9:in `show'
[active_model_serializers] Rendered UserSerializer with ActiveModelSerializers::Adapter::Attributes (0.11ms)
Completed 200 OK in 2ms (Views: 0.3ms | ActiveRecord: 0.4ms | Allocations: 834)


Started POST "/login" for 127.0.0.1 at 2023-01-10 20:30:40 -0800
Processing by SessionsController#login as */*
  Parameters: {"username"=>"liv", "password"=>"[FILTERED]", "session"=>{"username"=>"liv", "password"=>"[FILTERED]"}}
  [1m[36mUser Load (0.2ms)[0m  [1m[34mSELECT "users".* FROM "users" WHERE "users"."username" = $1 LIMIT $2[0m  [["username", "liv"], ["LIMIT", 1]]
  ↳ app/controllers/sessions_controller.rb:5:in `login'
[active_model_serializers] Rendered UserSerializer with ActiveModelSerializers::Adapter::Attributes (0.16ms)
Completed 200 OK in 265ms (Views: 0.4ms | ActiveRecord: 0.2ms | Allocations: 891)


Started GET "/me" for 127.0.0.1 at 2023-01-10 20:30:47 -0800
Processing by UsersController#show as */*
  [1m[36mUser Load (0.2ms)[0m  [1m[34mSELECT "users".* FROM "users" WHERE "users"."id" = $1 LIMIT $2[0m  [["id", 1], ["LIMIT", 1]]
  ↳ app/controllers/users_controller.rb:9:in `show'
[active_model_serializers] Rendered UserSerializer with ActiveModelSerializers::Adapter::Attributes (0.12ms)
Completed 200 OK in 2ms (Views: 0.3ms | ActiveRecord: 0.2ms | Allocations: 842)


Started GET "/me" for 127.0.0.1 at 2023-01-10 20:30:50 -0800
Processing by UsersController#show as */*
  [1m[36mUser Load (0.4ms)[0m  [1m[34mSELECT "users".* FROM "users" WHERE "users"."id" = $1 LIMIT $2[0m  [["id", 1], ["LIMIT", 1]]
  ↳ app/controllers/users_controller.rb:9:in `show'
[active_model_serializers] Rendered UserSerializer with ActiveModelSerializers::Adapter::Attributes (0.12ms)
Completed 200 OK in 2ms (Views: 0.3ms | ActiveRecord: 0.4ms | Allocations: 844)


Started GET "/me" for 127.0.0.1 at 2023-01-10 20:30:52 -0800
Processing by UsersController#show as */*
  [1m[36mUser Load (0.4ms)[0m  [1m[34mSELECT "users".* FROM "users" WHERE "users"."id" = $1 LIMIT $2[0m  [["id", 1], ["LIMIT", 1]]
  ↳ app/controllers/users_controller.rb:9:in `show'
[active_model_serializers] Rendered UserSerializer with ActiveModelSerializers::Adapter::Attributes (0.13ms)
Completed 200 OK in 23ms (Views: 1.4ms | ActiveRecord: 0.4ms | Allocations: 844)


Started POST "/login" for 127.0.0.1 at 2023-01-10 20:30:53 -0800
Processing by SessionsController#login as */*
  Parameters: {"username"=>"liv", "password"=>"[FILTERED]", "session"=>{"username"=>"liv", "password"=>"[FILTERED]"}}
  [1m[36mUser Load (0.4ms)[0m  [1m[34mSELECT "users".* FROM "users" WHERE "users"."username" = $1 LIMIT $2[0m  [["username", "liv"], ["LIMIT", 1]]
  ↳ app/controllers/sessions_controller.rb:5:in `login'
[active_model_serializers] Rendered UserSerializer with ActiveModelSerializers::Adapter::Attributes (0.12ms)
Completed 200 OK in 266ms (Views: 0.4ms | ActiveRecord: 0.4ms | Allocations: 866)


Started GET "/me" for 127.0.0.1 at 2023-01-10 20:31:29 -0800
Processing by UsersController#show as */*
  [1m[36mUser Load (0.1ms)[0m  [1m[34mSELECT "users".* FROM "users" WHERE "users"."id" = $1 LIMIT $2[0m  [["id", 1], ["LIMIT", 1]]
  ↳ app/controllers/users_controller.rb:9:in `show'
[active_model_serializers] Rendered UserSerializer with ActiveModelSerializers::Adapter::Attributes (0.14ms)
Completed 200 OK in 1ms (Views: 0.4ms | ActiveRecord: 0.1ms | Allocations: 838)


Started DELETE "/logout" for 127.0.0.1 at 2023-01-10 20:31:32 -0800
Processing by SessionsController#destroy as */*
Completed 204 No Content in 0ms (ActiveRecord: 0.0ms | Allocations: 173)


Started GET "/me" for 127.0.0.1 at 2023-01-10 20:31:32 -0800
Processing by UsersController#show as */*
  [1m[36mUser Load (1.4ms)[0m  [1m[34mSELECT "users".* FROM "users" WHERE "users"."id" IS NULL LIMIT $1[0m  [["LIMIT", 1]]
  ↳ app/controllers/users_controller.rb:9:in `show'
[active_model_serializers] Rendered ActiveModel::Serializer::Null with Hash (0.03ms)
Completed 404 Not Found in 5ms (Views: 0.3ms | ActiveRecord: 1.4ms | Allocations: 1000)


Started POST "/login" for 127.0.0.1 at 2023-01-10 20:31:33 -0800
Processing by SessionsController#login as */*
  Parameters: {"username"=>"liv", "password"=>"[FILTERED]", "session"=>{"username"=>"liv", "password"=>"[FILTERED]"}}
  [1m[36mUser Load (0.2ms)[0m  [1m[34mSELECT "users".* FROM "users" WHERE "users"."username" = $1 LIMIT $2[0m  [["username", "liv"], ["LIMIT", 1]]
  ↳ app/controllers/sessions_controller.rb:5:in `login'
[active_model_serializers] Rendered UserSerializer with ActiveModelSerializers::Adapter::Attributes (0.14ms)
Completed 200 OK in 253ms (Views: 0.4ms | ActiveRecord: 0.2ms | Allocations: 1001)


Started GET "/me" for 127.0.0.1 at 2023-01-10 20:31:37 -0800
Processing by UsersController#show as */*
  [1m[36mUser Load (0.5ms)[0m  [1m[34mSELECT "users".* FROM "users" WHERE "users"."id" = $1 LIMIT $2[0m  [["id", 1], ["LIMIT", 1]]
  ↳ app/controllers/users_controller.rb:9:in `show'
[active_model_serializers] Rendered UserSerializer with ActiveModelSerializers::Adapter::Attributes (0.12ms)
Completed 200 OK in 2ms (Views: 0.3ms | ActiveRecord: 0.5ms | Allocations: 859)


Started DELETE "/logout" for 127.0.0.1 at 2023-01-10 20:31:39 -0800
Processing by SessionsController#destroy as */*
Completed 204 No Content in 1ms (ActiveRecord: 0.0ms | Allocations: 185)


Started GET "/me" for 127.0.0.1 at 2023-01-10 20:31:39 -0800
Processing by UsersController#show as */*
  [1m[36mUser Load (0.6ms)[0m  [1m[34mSELECT "users".* FROM "users" WHERE "users"."id" IS NULL LIMIT $1[0m  [["LIMIT", 1]]
  ↳ app/controllers/users_controller.rb:9:in `show'
[active_model_serializers] Rendered ActiveModel::Serializer::Null with Hash (0.06ms)
Completed 404 Not Found in 6ms (Views: 3.3ms | ActiveRecord: 0.6ms | Allocations: 2320)


Started POST "/login" for 127.0.0.1 at 2023-01-10 20:31:52 -0800
Processing by SessionsController#login as */*
  Parameters: {"username"=>"liv", "password"=>"[FILTERED]", "session"=>{"username"=>"liv", "password"=>"[FILTERED]"}}
  [1m[36mUser Load (5.2ms)[0m  [1m[34mSELECT "users".* FROM "users" WHERE "users"."username" = $1 LIMIT $2[0m  [["username", "liv"], ["LIMIT", 1]]
  ↳ app/controllers/sessions_controller.rb:5:in `login'
[active_model_serializers] Rendered UserSerializer with ActiveModelSerializers::Adapter::Attributes (0.15ms)
Completed 200 OK in 271ms (Views: 0.4ms | ActiveRecord: 5.2ms | Allocations: 864)


Started GET "/me" for 127.0.0.1 at 2023-01-10 20:33:17 -0800
Processing by UsersController#show as */*
  [1m[36mUser Load (0.2ms)[0m  [1m[34mSELECT "users".* FROM "users" WHERE "users"."id" = $1 LIMIT $2[0m  [["id", 1], ["LIMIT", 1]]
  ↳ app/controllers/users_controller.rb:9:in `show'
[active_model_serializers] Rendered UserSerializer with ActiveModelSerializers::Adapter::Attributes (0.12ms)
Completed 200 OK in 2ms (Views: 0.3ms | ActiveRecord: 0.2ms | Allocations: 850)


Started GET "/me" for 127.0.0.1 at 2023-01-10 20:33:22 -0800
Processing by UsersController#show as */*
  [1m[36mUser Load (0.4ms)[0m  [1m[34mSELECT "users".* FROM "users" WHERE "users"."id" = $1 LIMIT $2[0m  [["id", 1], ["LIMIT", 1]]
  ↳ app/controllers/users_controller.rb:9:in `show'
[active_model_serializers] Rendered UserSerializer with ActiveModelSerializers::Adapter::Attributes (0.12ms)
Completed 200 OK in 3ms (Views: 0.3ms | ActiveRecord: 0.4ms | Allocations: 842)


Started DELETE "/logout" for 127.0.0.1 at 2023-01-10 20:33:24 -0800
Processing by SessionsController#destroy as */*
Completed 204 No Content in 1ms (ActiveRecord: 0.0ms | Allocations: 176)


Started GET "/me" for 127.0.0.1 at 2023-01-10 20:33:24 -0800
Processing by UsersController#show as */*
  [1m[36mUser Load (1.3ms)[0m  [1m[34mSELECT "users".* FROM "users" WHERE "users"."id" IS NULL LIMIT $1[0m  [["LIMIT", 1]]
  ↳ app/controllers/users_controller.rb:9:in `show'
[active_model_serializers] Rendered ActiveModel::Serializer::Null with Hash (0.03ms)
Completed 404 Not Found in 10ms (Views: 0.3ms | ActiveRecord: 1.3ms | Allocations: 995)


Started GET "/me" for 127.0.0.1 at 2023-01-10 20:33:25 -0800
Processing by UsersController#show as */*
  [1m[36mUser Load (0.5ms)[0m  [1m[34mSELECT "users".* FROM "users" WHERE "users"."id" IS NULL LIMIT $1[0m  [["LIMIT", 1]]
  ↳ app/controllers/users_controller.rb:9:in `show'
[active_model_serializers] Rendered ActiveModel::Serializer::Null with Hash (0.03ms)
Completed 404 Not Found in 2ms (Views: 0.2ms | ActiveRecord: 0.5ms | Allocations: 869)


Started POST "/login" for 127.0.0.1 at 2023-01-10 20:33:26 -0800
Processing by SessionsController#login as */*
  Parameters: {"username"=>"liv", "password"=>"[FILTERED]", "session"=>{"username"=>"liv", "password"=>"[FILTERED]"}}
  [1m[36mUser Load (0.4ms)[0m  [1m[34mSELECT "users".* FROM "users" WHERE "users"."username" = $1 LIMIT $2[0m  [["username", "liv"], ["LIMIT", 1]]
  ↳ app/controllers/sessions_controller.rb:5:in `login'
[active_model_serializers] Rendered UserSerializer with ActiveModelSerializers::Adapter::Attributes (0.12ms)
Completed 200 OK in 267ms (Views: 0.4ms | ActiveRecord: 0.4ms | Allocations: 865)


Started GET "/me" for 127.0.0.1 at 2023-01-10 20:33:29 -0800
Processing by UsersController#show as */*
  [1m[36mUser Load (0.1ms)[0m  [1m[34mSELECT "users".* FROM "users" WHERE "users"."id" = $1 LIMIT $2[0m  [["id", 1], ["LIMIT", 1]]
  ↳ app/controllers/users_controller.rb:9:in `show'
[active_model_serializers] Rendered UserSerializer with ActiveModelSerializers::Adapter::Attributes (0.11ms)
Completed 200 OK in 5ms (Views: 0.3ms | ActiveRecord: 0.1ms | Allocations: 840)


Started GET "/me" for 127.0.0.1 at 2023-01-10 20:34:42 -0800
Processing by UsersController#show as */*
  [1m[36mUser Load (0.1ms)[0m  [1m[34mSELECT "users".* FROM "users" WHERE "users"."id" = $1 LIMIT $2[0m  [["id", 1], ["LIMIT", 1]]
  ↳ app/controllers/users_controller.rb:9:in `show'
[active_model_serializers] Rendered UserSerializer with ActiveModelSerializers::Adapter::Attributes (0.11ms)
Completed 200 OK in 1ms (Views: 0.3ms | ActiveRecord: 0.1ms | Allocations: 830)


Started GET "/me" for 127.0.0.1 at 2023-01-10 20:34:46 -0800
Processing by UsersController#show as */*
  [1m[36mUser Load (0.1ms)[0m  [1m[34mSELECT "users".* FROM "users" WHERE "users"."id" = $1 LIMIT $2[0m  [["id", 1], ["LIMIT", 1]]
  ↳ app/controllers/users_controller.rb:9:in `show'
[active_model_serializers] Rendered UserSerializer with ActiveModelSerializers::Adapter::Attributes (0.15ms)
Completed 200 OK in 2ms (Views: 0.4ms | ActiveRecord: 0.1ms | Allocations: 840)


Started GET "/me" for 127.0.0.1 at 2023-01-10 20:34:50 -0800
Processing by UsersController#show as */*
  [1m[36mUser Load (0.2ms)[0m  [1m[34mSELECT "users".* FROM "users" WHERE "users"."id" = $1 LIMIT $2[0m  [["id", 1], ["LIMIT", 1]]
  ↳ app/controllers/users_controller.rb:9:in `show'
[active_model_serializers] Rendered UserSerializer with ActiveModelSerializers::Adapter::Attributes (0.12ms)
Completed 200 OK in 1ms (Views: 0.3ms | ActiveRecord: 0.2ms | Allocations: 844)


Started GET "/me" for 127.0.0.1 at 2023-01-10 20:35:02 -0800
Processing by UsersController#show as */*
  [1m[36mUser Load (0.2ms)[0m  [1m[34mSELECT "users".* FROM "users" WHERE "users"."id" = $1 LIMIT $2[0m  [["id", 1], ["LIMIT", 1]]
  ↳ app/controllers/users_controller.rb:9:in `show'
[active_model_serializers] Rendered UserSerializer with ActiveModelSerializers::Adapter::Attributes (0.11ms)
Completed 200 OK in 1ms (Views: 0.3ms | ActiveRecord: 0.2ms | Allocations: 850)


Started GET "/users/babel/parser/lib/index.js" for 127.0.0.1 at 2023-01-10 20:35:07 -0800
  
ActionController::RoutingError (No route matches [GET] "/users/babel/parser/lib/index.js"):
  
Started GET "/me" for 127.0.0.1 at 2023-01-10 20:35:07 -0800
Processing by UsersController#show as */*
  [1m[36mUser Load (0.2ms)[0m  [1m[34mSELECT "users".* FROM "users" WHERE "users"."id" = $1 LIMIT $2[0m  [["id", 1], ["LIMIT", 1]]
  ↳ app/controllers/users_controller.rb:9:in `show'
[active_model_serializers] Rendered UserSerializer with ActiveModelSerializers::Adapter::Attributes (0.12ms)
Completed 200 OK in 1ms (Views: 0.3ms | ActiveRecord: 0.2ms | Allocations: 842)


Started DELETE "/logout" for 127.0.0.1 at 2023-01-10 20:35:09 -0800
Processing by SessionsController#destroy as */*
Completed 204 No Content in 0ms (ActiveRecord: 0.0ms | Allocations: 177)


Started GET "/me" for 127.0.0.1 at 2023-01-10 20:35:09 -0800
Processing by UsersController#show as */*
  [1m[36mUser Load (0.2ms)[0m  [1m[34mSELECT "users".* FROM "users" WHERE "users"."id" IS NULL LIMIT $1[0m  [["LIMIT", 1]]
  ↳ app/controllers/users_controller.rb:9:in `show'
[active_model_serializers] Rendered ActiveModel::Serializer::Null with Hash (0.03ms)
Completed 404 Not Found in 3ms (Views: 0.3ms | ActiveRecord: 0.2ms | Allocations: 976)


Started POST "/login" for 127.0.0.1 at 2023-01-10 20:35:11 -0800
Processing by SessionsController#login as */*
  Parameters: {"username"=>"liv", "password"=>"[FILTERED]", "session"=>{"username"=>"liv", "password"=>"[FILTERED]"}}
  [1m[36mUser Load (0.2ms)[0m  [1m[34mSELECT "users".* FROM "users" WHERE "users"."username" = $1 LIMIT $2[0m  [["username", "liv"], ["LIMIT", 1]]
  ↳ app/controllers/sessions_controller.rb:5:in `login'
[active_model_serializers] Rendered UserSerializer with ActiveModelSerializers::Adapter::Attributes (0.11ms)
Completed 200 OK in 257ms (Views: 0.4ms | ActiveRecord: 0.2ms | Allocations: 970)


Started GET "/me" for 127.0.0.1 at 2023-01-10 20:35:14 -0800
Processing by UsersController#show as */*
  [1m[36mUser Load (0.1ms)[0m  [1m[34mSELECT "users".* FROM "users" WHERE "users"."id" = $1 LIMIT $2[0m  [["id", 1], ["LIMIT", 1]]
  ↳ app/controllers/users_controller.rb:9:in `show'
[active_model_serializers] Rendered UserSerializer with ActiveModelSerializers::Adapter::Attributes (0.12ms)
Completed 200 OK in 3ms (Views: 0.3ms | ActiveRecord: 0.1ms | Allocations: 838)


Started DELETE "/logout" for 127.0.0.1 at 2023-01-10 20:35:16 -0800
Processing by SessionsController#destroy as */*
Completed 204 No Content in 2ms (ActiveRecord: 0.0ms | Allocations: 180)


Started GET "/me" for 127.0.0.1 at 2023-01-10 20:35:16 -0800
Processing by UsersController#show as */*
  [1m[36mUser Load (0.5ms)[0m  [1m[34mSELECT "users".* FROM "users" WHERE "users"."id" IS NULL LIMIT $1[0m  [["LIMIT", 1]]
  ↳ app/controllers/users_controller.rb:9:in `show'
[active_model_serializers] Rendered ActiveModel::Serializer::Null with Hash (0.03ms)
Completed 404 Not Found in 2ms (Views: 0.4ms | ActiveRecord: 0.5ms | Allocations: 879)


Started POST "/login" for 127.0.0.1 at 2023-01-10 20:35:17 -0800
Processing by SessionsController#login as */*
  Parameters: {"username"=>"liv", "password"=>"[FILTERED]", "session"=>{"username"=>"liv", "password"=>"[FILTERED]"}}
  [1m[36mUser Load (0.3ms)[0m  [1m[34mSELECT "users".* FROM "users" WHERE "users"."username" = $1 LIMIT $2[0m  [["username", "liv"], ["LIMIT", 1]]
  ↳ app/controllers/sessions_controller.rb:5:in `login'
[active_model_serializers] Rendered UserSerializer with ActiveModelSerializers::Adapter::Attributes (0.12ms)
Completed 200 OK in 268ms (Views: 0.4ms | ActiveRecord: 0.3ms | Allocations: 873)


Started GET "/me" for 127.0.0.1 at 2023-01-10 20:35:30 -0800
Processing by UsersController#show as */*
  [1m[36mUser Load (0.2ms)[0m  [1m[34mSELECT "users".* FROM "users" WHERE "users"."id" = $1 LIMIT $2[0m  [["id", 1], ["LIMIT", 1]]
  ↳ app/controllers/users_controller.rb:9:in `show'
[active_model_serializers] Rendered UserSerializer with ActiveModelSerializers::Adapter::Attributes (0.12ms)
Completed 200 OK in 2ms (Views: 0.3ms | ActiveRecord: 0.2ms | Allocations: 840)


Started DELETE "/logout" for 127.0.0.1 at 2023-01-10 20:35:31 -0800
Processing by SessionsController#destroy as */*
Completed 204 No Content in 2ms (ActiveRecord: 0.0ms | Allocations: 170)


Started GET "/me" for 127.0.0.1 at 2023-01-10 20:35:31 -0800
Processing by UsersController#show as */*
  [1m[36mUser Load (0.3ms)[0m  [1m[34mSELECT "users".* FROM "users" WHERE "users"."id" IS NULL LIMIT $1[0m  [["LIMIT", 1]]
  ↳ app/controllers/users_controller.rb:9:in `show'
[active_model_serializers] Rendered ActiveModel::Serializer::Null with Hash (0.03ms)
Completed 404 Not Found in 2ms (Views: 0.2ms | ActiveRecord: 0.3ms | Allocations: 875)


Started GET "/me" for 127.0.0.1 at 2023-01-10 20:35:33 -0800
Processing by UsersController#show as */*
  [1m[36mUser Load (0.2ms)[0m  [1m[34mSELECT "users".* FROM "users" WHERE "users"."id" IS NULL LIMIT $1[0m  [["LIMIT", 1]]
  ↳ app/controllers/users_controller.rb:9:in `show'
[active_model_serializers] Rendered ActiveModel::Serializer::Null with Hash (0.04ms)
Completed 404 Not Found in 3ms (Views: 0.2ms | ActiveRecord: 0.2ms | Allocations: 873)


Started POST "/login" for 127.0.0.1 at 2023-01-10 20:35:34 -0800
Processing by SessionsController#login as */*
  Parameters: {"username"=>"liv", "password"=>"[FILTERED]", "session"=>{"username"=>"liv", "password"=>"[FILTERED]"}}
  [1m[36mUser Load (0.4ms)[0m  [1m[34mSELECT "users".* FROM "users" WHERE "users"."username" = $1 LIMIT $2[0m  [["username", "liv"], ["LIMIT", 1]]
  ↳ app/controllers/sessions_controller.rb:5:in `login'
[active_model_serializers] Rendered UserSerializer with ActiveModelSerializers::Adapter::Attributes (0.12ms)
Completed 200 OK in 263ms (Views: 0.5ms | ActiveRecord: 0.4ms | Allocations: 870)


Started GET "/users/babel/parser/lib/index.js" for 127.0.0.1 at 2023-01-10 20:38:20 -0800
  
ActionController::RoutingError (No route matches [GET] "/users/babel/parser/lib/index.js"):
  
Started GET "/users/babel/parser/lib/index.js" for 127.0.0.1 at 2023-01-10 20:38:20 -0800
  
ActionController::RoutingError (No route matches [GET] "/users/babel/parser/lib/index.js"):
  
Started GET "/me" for 127.0.0.1 at 2023-01-10 20:38:24 -0800
Processing by UsersController#show as */*
  [1m[36mUser Load (0.2ms)[0m  [1m[34mSELECT "users".* FROM "users" WHERE "users"."id" = $1 LIMIT $2[0m  [["id", 1], ["LIMIT", 1]]
  ↳ app/controllers/users_controller.rb:9:in `show'
[active_model_serializers] Rendered UserSerializer with ActiveModelSerializers::Adapter::Attributes (0.13ms)
Completed 200 OK in 7ms (Views: 4.4ms | ActiveRecord: 0.2ms | Allocations: 844)


Started DELETE "/logout" for 127.0.0.1 at 2023-01-10 20:38:25 -0800
Processing by SessionsController#destroy as */*
Completed 204 No Content in 1ms (ActiveRecord: 0.0ms | Allocations: 178)


Started GET "/me" for 127.0.0.1 at 2023-01-10 20:38:25 -0800
Processing by UsersController#show as */*
  [1m[36mUser Load (0.2ms)[0m  [1m[34mSELECT "users".* FROM "users" WHERE "users"."id" IS NULL LIMIT $1[0m  [["LIMIT", 1]]
  ↳ app/controllers/users_controller.rb:9:in `show'
[active_model_serializers] Rendered ActiveModel::Serializer::Null with Hash (0.03ms)
Completed 404 Not Found in 2ms (Views: 0.3ms | ActiveRecord: 0.2ms | Allocations: 873)


Started GET "/babel/parser/lib/index.js" for 127.0.0.1 at 2023-01-10 20:38:59 -0800
  
ActionController::RoutingError (No route matches [GET] "/babel/parser/lib/index.js"):
  
Started GET "/babel/parser/lib/index.js" for 127.0.0.1 at 2023-01-10 20:40:29 -0800
  
ActionController::RoutingError (No route matches [GET] "/babel/parser/lib/index.js"):
  
Started GET "/babel/parser/lib/index.js" for 127.0.0.1 at 2023-01-10 20:40:52 -0800
  
ActionController::RoutingError (No route matches [GET] "/babel/parser/lib/index.js"):
  
Started GET "/me" for 127.0.0.1 at 2023-01-10 20:43:37 -0800
Processing by UsersController#show as */*
  [1m[36mUser Load (0.5ms)[0m  [1m[34mSELECT "users".* FROM "users" WHERE "users"."id" IS NULL LIMIT $1[0m  [["LIMIT", 1]]
  ↳ app/controllers/users_controller.rb:9:in `show'
[active_model_serializers] Rendered ActiveModel::Serializer::Null with Hash (0.03ms)
Completed 404 Not Found in 19ms (Views: 0.2ms | ActiveRecord: 7.6ms | Allocations: 4044)


Started GET "/babel/parser/lib/index.js" for 127.0.0.1 at 2023-01-10 20:45:00 -0800
  
ActionController::RoutingError (No route matches [GET] "/babel/parser/lib/index.js"):
  
Started GET "/babel/parser/lib/index.js" for 127.0.0.1 at 2023-01-10 20:45:00 -0800
  
ActionController::RoutingError (No route matches [GET] "/babel/parser/lib/index.js"):
  
Started GET "/babel/parser/lib/index.js" for 127.0.0.1 at 2023-01-10 20:45:00 -0800
  
ActionController::RoutingError (No route matches [GET] "/babel/parser/lib/index.js"):
  
Started GET "/babel/parser/lib/index.js" for 127.0.0.1 at 2023-01-10 20:45:00 -0800
  
ActionController::RoutingError (No route matches [GET] "/babel/parser/lib/index.js"):
  
Started GET "/babel/parser/lib/index.js" for 127.0.0.1 at 2023-01-10 20:45:00 -0800
  
ActionController::RoutingError (No route matches [GET] "/babel/parser/lib/index.js"):
  
Started GET "/babel/parser/lib/index.js" for 127.0.0.1 at 2023-01-10 20:45:00 -0800
  
ActionController::RoutingError (No route matches [GET] "/babel/parser/lib/index.js"):
  
Started GET "/me" for 127.0.0.1 at 2023-01-10 20:47:03 -0800
Processing by UsersController#show as */*
  [1m[36mUser Load (0.4ms)[0m  [1m[34mSELECT "users".* FROM "users" WHERE "users"."id" IS NULL LIMIT $1[0m  [["LIMIT", 1]]
  ↳ app/controllers/users_controller.rb:9:in `show'
[active_model_serializers] Rendered ActiveModel::Serializer::Null with Hash (0.04ms)
Completed 404 Not Found in 27ms (Views: 0.3ms | ActiveRecord: 11.4ms | Allocations: 4049)


Started GET "/me" for 127.0.0.1 at 2023-01-10 20:47:31 -0800
Processing by UsersController#show as */*
  [1m[36mUser Load (0.7ms)[0m  [1m[34mSELECT "users".* FROM "users" WHERE "users"."id" IS NULL LIMIT $1[0m  [["LIMIT", 1]]
  ↳ app/controllers/users_controller.rb:9:in `show'
[active_model_serializers] Rendered ActiveModel::Serializer::Null with Hash (0.03ms)
Completed 404 Not Found in 5ms (Views: 0.2ms | ActiveRecord: 0.7ms | Allocations: 879)


Started GET "/me" for 127.0.0.1 at 2023-01-10 20:47:33 -0800
Processing by UsersController#show as */*
  [1m[36mUser Load (1.4ms)[0m  [1m[34mSELECT "users".* FROM "users" WHERE "users"."id" IS NULL LIMIT $1[0m  [["LIMIT", 1]]
  ↳ app/controllers/users_controller.rb:9:in `show'
[active_model_serializers] Rendered ActiveModel::Serializer::Null with Hash (0.03ms)
Completed 404 Not Found in 25ms (Views: 0.2ms | ActiveRecord: 8.0ms | Allocations: 4058)


Started GET "/Users/livnelson/Development/code/capstone-project/myflix/client/node_modules/tapable/lib/HookCodeFactory.js" for 127.0.0.1 at 2023-01-10 20:51:06 -0800
Started GET "/Users/livnelson/Development/code/capstone-project/myflix/client/node_modules/enhanced-resolve/lib/UnsafeCachePlugin.js" for 127.0.0.1 at 2023-01-10 20:51:06 -0800
Started GET "/Users/livnelson/Development/code/capstone-project/myflix/client/node_modules/enhanced-resolve/lib/Resolver.js" for 127.0.0.1 at 2023-01-10 20:51:06 -0800
Started GET "/Users/livnelson/Development/code/capstone-project/myflix/client/node_modules/enhanced-resolve/lib/DescriptionFilePlugin.js" for 127.0.0.1 at 2023-01-10 20:51:06 -0800
  
ActionController::RoutingError (No route matches [GET] "/Users/livnelson/Development/code/capstone-project/myflix/client/node_modules/tapable/lib/HookCodeFactory.js"):
  
  
ActionController::RoutingError (No route matches [GET] "/Users/livnelson/Development/code/capstone-project/myflix/client/node_modules/enhanced-resolve/lib/DescriptionFilePlugin.js"):
  
  
ActionController::RoutingError (No route matches [GET] "/Users/livnelson/Development/code/capstone-project/myflix/client/node_modules/enhanced-resolve/lib/Resolver.js"):
  
  
ActionController::RoutingError (No route matches [GET] "/Users/livnelson/Development/code/capstone-project/myflix/client/node_modules/enhanced-resolve/lib/UnsafeCachePlugin.js"):
  
Started GET "/Users/livnelson/Development/code/capstone-project/myflix/client/node_modules/tapable/lib/HookCodeFactory.js" for 127.0.0.1 at 2023-01-10 20:51:57 -0800
Started GET "/Users/livnelson/Development/code/capstone-project/myflix/client/node_modules/enhanced-resolve/lib/Resolver.js" for 127.0.0.1 at 2023-01-10 20:51:57 -0800
  
ActionController::RoutingError (No route matches [GET] "/Users/livnelson/Development/code/capstone-project/myflix/client/node_modules/enhanced-resolve/lib/Resolver.js"):
  
  
ActionController::RoutingError (No route matches [GET] "/Users/livnelson/Development/code/capstone-project/myflix/client/node_modules/tapable/lib/HookCodeFactory.js"):
  
Started GET "/Users/livnelson/Development/code/capstone-project/myflix/client/node_modules/enhanced-resolve/lib/UnsafeCachePlugin.js" for 127.0.0.1 at 2023-01-10 20:51:57 -0800
Started GET "/Users/livnelson/Development/code/capstone-project/myflix/client/node_modules/enhanced-resolve/lib/DescriptionFilePlugin.js" for 127.0.0.1 at 2023-01-10 20:51:57 -0800
  
ActionController::RoutingError (No route matches [GET] "/Users/livnelson/Development/code/capstone-project/myflix/client/node_modules/enhanced-resolve/lib/UnsafeCachePlugin.js"):
  
  
ActionController::RoutingError (No route matches [GET] "/Users/livnelson/Development/code/capstone-project/myflix/client/node_modules/enhanced-resolve/lib/DescriptionFilePlugin.js"):
  
Started GET "/Users/livnelson/Development/code/capstone-project/myflix/client/node_modules/tapable/lib/HookCodeFactory.js" for 127.0.0.1 at 2023-01-10 20:52:46 -0800
Started GET "/Users/livnelson/Development/code/capstone-project/myflix/client/node_modules/enhanced-resolve/lib/Resolver.js" for 127.0.0.1 at 2023-01-10 20:52:46 -0800
Started GET "/Users/livnelson/Development/code/capstone-project/myflix/client/node_modules/enhanced-resolve/lib/DescriptionFilePlugin.js" for 127.0.0.1 at 2023-01-10 20:52:46 -0800
  
ActionController::RoutingError (No route matches [GET] "/Users/livnelson/Development/code/capstone-project/myflix/client/node_modules/tapable/lib/HookCodeFactory.js"):
  
  
ActionController::RoutingError (No route matches [GET] "/Users/livnelson/Development/code/capstone-project/myflix/client/node_modules/enhanced-resolve/lib/Resolver.js"):
  
  
ActionController::RoutingError (No route matches [GET] "/Users/livnelson/Development/code/capstone-project/myflix/client/node_modules/enhanced-resolve/lib/DescriptionFilePlugin.js"):
  
Started GET "/Users/livnelson/Development/code/capstone-project/myflix/client/node_modules/enhanced-resolve/lib/UnsafeCachePlugin.js" for 127.0.0.1 at 2023-01-10 20:52:46 -0800
  
ActionController::RoutingError (No route matches [GET] "/Users/livnelson/Development/code/capstone-project/myflix/client/node_modules/enhanced-resolve/lib/UnsafeCachePlugin.js"):
  
Started GET "/Users/livnelson/Development/code/capstone-project/myflix/client/node_modules/enhanced-resolve/lib/Resolver.js" for 127.0.0.1 at 2023-01-10 20:53:53 -0800
Started GET "/Users/livnelson/Development/code/capstone-project/myflix/client/node_modules/tapable/lib/HookCodeFactory.js" for 127.0.0.1 at 2023-01-10 20:53:53 -0800
  
ActionController::RoutingError (No route matches [GET] "/Users/livnelson/Development/code/capstone-project/myflix/client/node_modules/enhanced-resolve/lib/Resolver.js"):
  
  
ActionController::RoutingError (No route matches [GET] "/Users/livnelson/Development/code/capstone-project/myflix/client/node_modules/tapable/lib/HookCodeFactory.js"):
  
Started GET "/Users/livnelson/Development/code/capstone-project/myflix/client/node_modules/enhanced-resolve/lib/DescriptionFilePlugin.js" for 127.0.0.1 at 2023-01-10 20:53:53 -0800
Started GET "/Users/livnelson/Development/code/capstone-project/myflix/client/node_modules/enhanced-resolve/lib/UnsafeCachePlugin.js" for 127.0.0.1 at 2023-01-10 20:53:53 -0800
  
ActionController::RoutingError (No route matches [GET] "/Users/livnelson/Development/code/capstone-project/myflix/client/node_modules/enhanced-resolve/lib/DescriptionFilePlugin.js"):
  
  
ActionController::RoutingError (No route matches [GET] "/Users/livnelson/Development/code/capstone-project/myflix/client/node_modules/enhanced-resolve/lib/UnsafeCachePlugin.js"):
  
Started GET "/Users/livnelson/Development/code/capstone-project/myflix/client/node_modules/enhanced-resolve/lib/DescriptionFilePlugin.js" for 127.0.0.1 at 2023-01-10 20:55:29 -0800
Started GET "/Users/livnelson/Development/code/capstone-project/myflix/client/node_modules/enhanced-resolve/lib/UnsafeCachePlugin.js" for 127.0.0.1 at 2023-01-10 20:55:29 -0800
Started GET "/Users/livnelson/Development/code/capstone-project/myflix/client/node_modules/enhanced-resolve/lib/Resolver.js" for 127.0.0.1 at 2023-01-10 20:55:29 -0800
  
ActionController::RoutingError (No route matches [GET] "/Users/livnelson/Development/code/capstone-project/myflix/client/node_modules/enhanced-resolve/lib/UnsafeCachePlugin.js"):
  
  
ActionController::RoutingError (No route matches [GET] "/Users/livnelson/Development/code/capstone-project/myflix/client/node_modules/enhanced-resolve/lib/DescriptionFilePlugin.js"):
  
Started GET "/Users/livnelson/Development/code/capstone-project/myflix/client/node_modules/tapable/lib/HookCodeFactory.js" for 127.0.0.1 at 2023-01-10 20:55:29 -0800
  
ActionController::RoutingError (No route matches [GET] "/Users/livnelson/Development/code/capstone-project/myflix/client/node_modules/enhanced-resolve/lib/Resolver.js"):
  
  
ActionController::RoutingError (No route matches [GET] "/Users/livnelson/Development/code/capstone-project/myflix/client/node_modules/tapable/lib/HookCodeFactory.js"):
  
Started GET "/Users/livnelson/Development/code/capstone-project/myflix/client/node_modules/tapable/lib/HookCodeFactory.js" for 127.0.0.1 at 2023-01-10 20:55:32 -0800
  
ActionController::RoutingError (No route matches [GET] "/Users/livnelson/Development/code/capstone-project/myflix/client/node_modules/tapable/lib/HookCodeFactory.js"):
  
Started GET "/Users/livnelson/Development/code/capstone-project/myflix/client/node_modules/enhanced-resolve/lib/UnsafeCachePlugin.js" for 127.0.0.1 at 2023-01-10 20:55:32 -0800
Started GET "/Users/livnelson/Development/code/capstone-project/myflix/client/node_modules/enhanced-resolve/lib/DescriptionFilePlugin.js" for 127.0.0.1 at 2023-01-10 20:55:32 -0800
Started GET "/Users/livnelson/Development/code/capstone-project/myflix/client/node_modules/enhanced-resolve/lib/Resolver.js" for 127.0.0.1 at 2023-01-10 20:55:32 -0800
  
ActionController::RoutingError (No route matches [GET] "/Users/livnelson/Development/code/capstone-project/myflix/client/node_modules/enhanced-resolve/lib/DescriptionFilePlugin.js"):
  
  
ActionController::RoutingError (No route matches [GET] "/Users/livnelson/Development/code/capstone-project/myflix/client/node_modules/enhanced-resolve/lib/UnsafeCachePlugin.js"):
  
  
ActionController::RoutingError (No route matches [GET] "/Users/livnelson/Development/code/capstone-project/myflix/client/node_modules/enhanced-resolve/lib/Resolver.js"):
  
Started GET "/netflix-background-image.png" for 127.0.0.1 at 2023-01-10 20:59:44 -0800
  
ActionController::RoutingError (No route matches [GET] "/netflix-background-image.png"):
  
Started GET "/me" for 127.0.0.1 at 2023-01-10 20:59:44 -0800
Processing by UsersController#show as */*
  [1m[36mUser Load (0.4ms)[0m  [1m[34mSELECT "users".* FROM "users" WHERE "users"."id" IS NULL LIMIT $1[0m  [["LIMIT", 1]]
  ↳ app/controllers/users_controller.rb:9:in `show'
[active_model_serializers] Rendered ActiveModel::Serializer::Null with Hash (0.03ms)
Completed 404 Not Found in 27ms (Views: 0.2ms | ActiveRecord: 18.5ms | Allocations: 3988)


Started GET "/myflix/client/public/netflix-login-background.jpg" for 127.0.0.1 at 2023-01-10 21:00:11 -0800
  
ActionController::RoutingError (No route matches [GET] "/myflix/client/public/netflix-login-background.jpg"):
  
Started GET "/public/netflix-login-background.jpg" for 127.0.0.1 at 2023-01-10 21:00:18 -0800
  
ActionController::RoutingError (No route matches [GET] "/public/netflix-login-background.jpg"):
  
Started GET "/me" for 127.0.0.1 at 2023-01-10 21:00:22 -0800
Started GET "/public/netflix-login-background.jpg" for 127.0.0.1 at 2023-01-10 21:00:22 -0800
Processing by UsersController#show as */*
  
ActionController::RoutingError (No route matches [GET] "/public/netflix-login-background.jpg"):
  
  [1m[36mUser Load (1.0ms)[0m  [1m[34mSELECT "users".* FROM "users" WHERE "users"."id" IS NULL LIMIT $1[0m  [["LIMIT", 1]]
  ↳ app/controllers/users_controller.rb:9:in `show'
[active_model_serializers] Rendered ActiveModel::Serializer::Null with Hash (0.03ms)
Completed 404 Not Found in 22ms (Views: 0.2ms | ActiveRecord: 10.6ms | Allocations: 6929)


Started GET "/me" for 127.0.0.1 at 2023-01-10 21:02:03 -0800
Processing by UsersController#show as */*
  [1m[36mUser Load (1.1ms)[0m  [1m[34mSELECT "users".* FROM "users" WHERE "users"."id" IS NULL LIMIT $1[0m  [["LIMIT", 1]]
  ↳ app/controllers/users_controller.rb:9:in `show'
[active_model_serializers] Rendered ActiveModel::Serializer::Null with Hash (0.03ms)
Completed 404 Not Found in 3ms (Views: 0.2ms | ActiveRecord: 1.1ms | Allocations: 867)


Started GET "/babel/parser/lib/index.js" for 127.0.0.1 at 2023-01-10 21:04:39 -0800
  
ActionController::RoutingError (No route matches [GET] "/babel/parser/lib/index.js"):
  
Started GET "/babel/parser/lib/index.js" for 127.0.0.1 at 2023-01-10 21:05:02 -0800
  
ActionController::RoutingError (No route matches [GET] "/babel/parser/lib/index.js"):
  
Started GET "/babel/parser/lib/index.js" for 127.0.0.1 at 2023-01-10 21:05:51 -0800
  
ActionController::RoutingError (No route matches [GET] "/babel/parser/lib/index.js"):
  
Started GET "/me" for 127.0.0.1 at 2023-01-10 21:06:42 -0800
Processing by UsersController#show as */*
  [1m[36mUser Load (1.5ms)[0m  [1m[34mSELECT "users".* FROM "users" WHERE "users"."id" IS NULL LIMIT $1[0m  [["LIMIT", 1]]
  ↳ app/controllers/users_controller.rb:9:in `show'
[active_model_serializers] Rendered ActiveModel::Serializer::Null with Hash (0.03ms)
Completed 404 Not Found in 29ms (Views: 3.4ms | ActiveRecord: 11.6ms | Allocations: 4057)


Started GET "/me" for 127.0.0.1 at 2023-01-10 21:07:43 -0800
Processing by UsersController#show as */*
  [1m[36mUser Load (0.7ms)[0m  [1m[34mSELECT "users".* FROM "users" WHERE "users"."id" IS NULL LIMIT $1[0m  [["LIMIT", 1]]
  ↳ app/controllers/users_controller.rb:9:in `show'
[active_model_serializers] Rendered ActiveModel::Serializer::Null with Hash (0.04ms)
Completed 404 Not Found in 3ms (Views: 0.2ms | ActiveRecord: 0.7ms | Allocations: 879)


Started GET "/me" for 127.0.0.1 at 2023-01-10 21:08:05 -0800
Processing by UsersController#show as */*
  [1m[36mUser Load (0.2ms)[0m  [1m[34mSELECT "users".* FROM "users" WHERE "users"."id" IS NULL LIMIT $1[0m  [["LIMIT", 1]]
  ↳ app/controllers/users_controller.rb:9:in `show'
[active_model_serializers] Rendered ActiveModel::Serializer::Null with Hash (0.04ms)
Completed 404 Not Found in 2ms (Views: 0.2ms | ActiveRecord: 0.2ms | Allocations: 859)


Started GET "/me" for 127.0.0.1 at 2023-01-10 21:09:11 -0800
Processing by UsersController#show as */*
  [1m[36mUser Load (0.4ms)[0m  [1m[34mSELECT "users".* FROM "users" WHERE "users"."id" IS NULL LIMIT $1[0m  [["LIMIT", 1]]
  ↳ app/controllers/users_controller.rb:9:in `show'
[active_model_serializers] Rendered ActiveModel::Serializer::Null with Hash (0.03ms)
Completed 404 Not Found in 3ms (Views: 0.2ms | ActiveRecord: 0.4ms | Allocations: 865)


Started GET "/me" for 127.0.0.1 at 2023-01-10 21:09:44 -0800
Processing by UsersController#show as */*
  [1m[36mUser Load (0.3ms)[0m  [1m[34mSELECT "users".* FROM "users" WHERE "users"."id" IS NULL LIMIT $1[0m  [["LIMIT", 1]]
  ↳ app/controllers/users_controller.rb:9:in `show'
[active_model_serializers] Rendered ActiveModel::Serializer::Null with Hash (0.03ms)
Completed 404 Not Found in 4ms (Views: 0.2ms | ActiveRecord: 0.3ms | Allocations: 871)


Started GET "/me" for 127.0.0.1 at 2023-01-10 21:10:26 -0800
Processing by UsersController#show as */*
  [1m[36mUser Load (0.4ms)[0m  [1m[34mSELECT "users".* FROM "users" WHERE "users"."id" IS NULL LIMIT $1[0m  [["LIMIT", 1]]
  ↳ app/controllers/users_controller.rb:9:in `show'
[active_model_serializers] Rendered ActiveModel::Serializer::Null with Hash (0.03ms)
Completed 404 Not Found in 31ms (Views: 0.2ms | ActiveRecord: 18.2ms | Allocations: 3996)


Started GET "/me" for 127.0.0.1 at 2023-01-10 21:16:43 -0800
Processing by UsersController#show as */*
  [1m[36mUser Load (0.8ms)[0m  [1m[34mSELECT "users".* FROM "users" WHERE "users"."id" IS NULL LIMIT $1[0m  [["LIMIT", 1]]
  ↳ app/controllers/users_controller.rb:9:in `show'
[active_model_serializers] Rendered ActiveModel::Serializer::Null with Hash (0.08ms)
Completed 404 Not Found in 19ms (Views: 0.3ms | ActiveRecord: 8.4ms | Allocations: 3986)


Started GET "/me" for 127.0.0.1 at 2023-01-10 21:17:16 -0800
Processing by UsersController#show as */*
  [1m[36mUser Load (0.4ms)[0m  [1m[34mSELECT "users".* FROM "users" WHERE "users"."id" IS NULL LIMIT $1[0m  [["LIMIT", 1]]
  ↳ app/controllers/users_controller.rb:9:in `show'
[active_model_serializers] Rendered ActiveModel::Serializer::Null with Hash (0.03ms)
Completed 404 Not Found in 28ms (Views: 1.7ms | ActiveRecord: 11.1ms | Allocations: 3989)


Started GET "/babel/parser/lib/index.js" for 127.0.0.1 at 2023-01-10 21:18:22 -0800
  
ActionController::RoutingError (No route matches [GET] "/babel/parser/lib/index.js"):
  
Started GET "/babel/parser/lib/index.js" for 127.0.0.1 at 2023-01-10 21:18:34 -0800
  
ActionController::RoutingError (No route matches [GET] "/babel/parser/lib/index.js"):
  
Started GET "/me" for 127.0.0.1 at 2023-01-10 21:19:10 -0800
Processing by UsersController#show as */*
  [1m[36mUser Load (0.3ms)[0m  [1m[34mSELECT "users".* FROM "users" WHERE "users"."id" IS NULL LIMIT $1[0m  [["LIMIT", 1]]
  ↳ app/controllers/users_controller.rb:9:in `show'
[active_model_serializers] Rendered ActiveModel::Serializer::Null with Hash (0.04ms)
Completed 404 Not Found in 29ms (Views: 0.2ms | ActiveRecord: 9.7ms | Allocations: 3998)


Started POST "/login" for 127.0.0.1 at 2023-01-10 21:19:36 -0800
Processing by SessionsController#login as */*
  Parameters: {"username"=>"liv", "password"=>"[FILTERED]", "session"=>{"username"=>"liv", "password"=>"[FILTERED]"}}
  [1m[36mUser Load (0.3ms)[0m  [1m[34mSELECT "users".* FROM "users" WHERE "users"."username" = $1 LIMIT $2[0m  [["username", "liv"], ["LIMIT", 1]]
  ↳ app/controllers/sessions_controller.rb:5:in `login'
[active_model_serializers] Rendered UserSerializer with ActiveModelSerializers::Adapter::Attributes (0.12ms)
Completed 200 OK in 265ms (Views: 0.4ms | ActiveRecord: 0.3ms | Allocations: 888)


Started GET "/me" for 127.0.0.1 at 2023-01-10 21:19:39 -0800
Processing by UsersController#show as */*
  [1m[36mUser Load (0.4ms)[0m  [1m[34mSELECT "users".* FROM "users" WHERE "users"."id" = $1 LIMIT $2[0m  [["id", 1], ["LIMIT", 1]]
  ↳ app/controllers/users_controller.rb:9:in `show'
[active_model_serializers] Rendered UserSerializer with ActiveModelSerializers::Adapter::Attributes (0.11ms)
Completed 200 OK in 19ms (Views: 0.3ms | ActiveRecord: 6.9ms | Allocations: 3963)


Started GET "/me" for 127.0.0.1 at 2023-01-10 21:19:40 -0800
Processing by UsersController#show as */*
  [1m[36mUser Load (0.3ms)[0m  [1m[34mSELECT "users".* FROM "users" WHERE "users"."id" = $1 LIMIT $2[0m  [["id", 1], ["LIMIT", 1]]
  ↳ app/controllers/users_controller.rb:9:in `show'
[active_model_serializers] Rendered UserSerializer with ActiveModelSerializers::Adapter::Attributes (0.14ms)
Completed 200 OK in 3ms (Views: 0.4ms | ActiveRecord: 0.3ms | Allocations: 839)


Started GET "/me" for 127.0.0.1 at 2023-01-10 21:20:00 -0800
Processing by UsersController#show as */*
  [1m[36mUser Load (0.6ms)[0m  [1m[34mSELECT "users".* FROM "users" WHERE "users"."id" = $1 LIMIT $2[0m  [["id", 1], ["LIMIT", 1]]
  ↳ app/controllers/users_controller.rb:9:in `show'
[active_model_serializers] Rendered UserSerializer with ActiveModelSerializers::Adapter::Attributes (0.13ms)
Completed 200 OK in 2ms (Views: 0.6ms | ActiveRecord: 0.6ms | Allocations: 845)


Started GET "/me" for 127.0.0.1 at 2023-01-10 21:20:10 -0800
Processing by UsersController#show as */*
  [1m[36mUser Load (0.7ms)[0m  [1m[34mSELECT "users".* FROM "users" WHERE "users"."id" = $1 LIMIT $2[0m  [["id", 1], ["LIMIT", 1]]
  ↳ app/controllers/users_controller.rb:9:in `show'
[active_model_serializers] Rendered UserSerializer with ActiveModelSerializers::Adapter::Attributes (0.13ms)
Completed 200 OK in 5ms (Views: 0.3ms | ActiveRecord: 0.7ms | Allocations: 848)


Started GET "/me" for 127.0.0.1 at 2023-01-10 21:20:13 -0800
Processing by UsersController#show as */*
  [1m[36mUser Load (0.5ms)[0m  [1m[34mSELECT "users".* FROM "users" WHERE "users"."id" = $1 LIMIT $2[0m  [["id", 1], ["LIMIT", 1]]
  ↳ app/controllers/users_controller.rb:9:in `show'
[active_model_serializers] Rendered UserSerializer with ActiveModelSerializers::Adapter::Attributes (0.14ms)
Completed 200 OK in 6ms (Views: 0.4ms | ActiveRecord: 0.5ms | Allocations: 842)


Started GET "/me" for 127.0.0.1 at 2023-01-10 21:21:58 -0800
Processing by UsersController#show as */*
  [1m[36mUser Load (0.5ms)[0m  [1m[34mSELECT "users".* FROM "users" WHERE "users"."id" = $1 LIMIT $2[0m  [["id", 1], ["LIMIT", 1]]
  ↳ app/controllers/users_controller.rb:9:in `show'
[active_model_serializers] Rendered UserSerializer with ActiveModelSerializers::Adapter::Attributes (0.29ms)
Completed 200 OK in 3ms (Views: 0.5ms | ActiveRecord: 0.5ms | Allocations: 838)


Started GET "/me" for 127.0.0.1 at 2023-01-10 21:22:46 -0800
Processing by UsersController#show as */*
  [1m[36mUser Load (0.2ms)[0m  [1m[34mSELECT "users".* FROM "users" WHERE "users"."id" = $1 LIMIT $2[0m  [["id", 1], ["LIMIT", 1]]
  ↳ app/controllers/users_controller.rb:9:in `show'
[active_model_serializers] Rendered UserSerializer with ActiveModelSerializers::Adapter::Attributes (0.12ms)
Completed 200 OK in 2ms (Views: 0.3ms | ActiveRecord: 0.2ms | Allocations: 842)


Started GET "/me" for 127.0.0.1 at 2023-01-10 21:23:04 -0800
Processing by UsersController#show as */*
  [1m[36mUser Load (0.4ms)[0m  [1m[34mSELECT "users".* FROM "users" WHERE "users"."id" = $1 LIMIT $2[0m  [["id", 1], ["LIMIT", 1]]
  ↳ app/controllers/users_controller.rb:9:in `show'
[active_model_serializers] Rendered UserSerializer with ActiveModelSerializers::Adapter::Attributes (0.11ms)
Completed 200 OK in 5ms (Views: 0.3ms | ActiveRecord: 0.4ms | Allocations: 840)


Started GET "/babel/parser/lib/index.js" for 127.0.0.1 at 2023-01-10 21:23:28 -0800
  
ActionController::RoutingError (No route matches [GET] "/babel/parser/lib/index.js"):
  
Started GET "/me" for 127.0.0.1 at 2023-01-10 21:25:01 -0800
Processing by UsersController#show as */*
  [1m[36mUser Load (0.3ms)[0m  [1m[34mSELECT "users".* FROM "users" WHERE "users"."id" = $1 LIMIT $2[0m  [["id", 1], ["LIMIT", 1]]
  ↳ app/controllers/users_controller.rb:9:in `show'
[active_model_serializers] Rendered UserSerializer with ActiveModelSerializers::Adapter::Attributes (0.13ms)
Completed 200 OK in 3ms (Views: 0.5ms | ActiveRecord: 0.3ms | Allocations: 840)


Started GET "/me" for 127.0.0.1 at 2023-01-10 21:27:24 -0800
Processing by UsersController#show as */*
  [1m[36mUser Load (0.5ms)[0m  [1m[34mSELECT "users".* FROM "users" WHERE "users"."id" = $1 LIMIT $2[0m  [["id", 1], ["LIMIT", 1]]
  ↳ app/controllers/users_controller.rb:9:in `show'
[active_model_serializers] Rendered UserSerializer with ActiveModelSerializers::Adapter::Attributes (0.12ms)
Completed 200 OK in 24ms (Views: 0.3ms | ActiveRecord: 10.7ms | Allocations: 3958)


Started GET "/me" for 127.0.0.1 at 2023-01-10 21:28:51 -0800
Processing by UsersController#show as */*
  [1m[36mUser Load (0.2ms)[0m  [1m[34mSELECT "users".* FROM "users" WHERE "users"."id" = $1 LIMIT $2[0m  [["id", 1], ["LIMIT", 1]]
  ↳ app/controllers/users_controller.rb:9:in `show'
[active_model_serializers] Rendered UserSerializer with ActiveModelSerializers::Adapter::Attributes (0.12ms)
Completed 200 OK in 3ms (Views: 0.4ms | ActiveRecord: 0.2ms | Allocations: 848)


Started GET "/me" for 127.0.0.1 at 2023-01-10 21:31:40 -0800
Processing by UsersController#show as */*
  [1m[36mUser Load (0.4ms)[0m  [1m[34mSELECT "users".* FROM "users" WHERE "users"."id" = $1 LIMIT $2[0m  [["id", 1], ["LIMIT", 1]]
  ↳ app/controllers/users_controller.rb:9:in `show'
[active_model_serializers] Rendered UserSerializer with ActiveModelSerializers::Adapter::Attributes (0.17ms)
Completed 200 OK in 12ms (Views: 0.4ms | ActiveRecord: 5.5ms | Allocations: 3966)


Started GET "/babel/parser/lib/index.js" for 127.0.0.1 at 2023-01-10 21:32:30 -0800
  
ActionController::RoutingError (No route matches [GET] "/babel/parser/lib/index.js"):
  
Started GET "/babel/parser/lib/index.js" for 127.0.0.1 at 2023-01-10 21:32:30 -0800
  
ActionController::RoutingError (No route matches [GET] "/babel/parser/lib/index.js"):
  
Started GET "/babel/parser/lib/index.js" for 127.0.0.1 at 2023-01-10 21:32:30 -0800
  
ActionController::RoutingError (No route matches [GET] "/babel/parser/lib/index.js"):
  
Started GET "/babel/parser/lib/index.js" for 127.0.0.1 at 2023-01-10 21:32:30 -0800
  
ActionController::RoutingError (No route matches [GET] "/babel/parser/lib/index.js"):
  
Started GET "/babel/parser/lib/index.js" for 127.0.0.1 at 2023-01-10 21:32:31 -0800
  
ActionController::RoutingError (No route matches [GET] "/babel/parser/lib/index.js"):
  
Started GET "/babel/parser/lib/index.js" for 127.0.0.1 at 2023-01-10 21:32:31 -0800
  
ActionController::RoutingError (No route matches [GET] "/babel/parser/lib/index.js"):
  
Started GET "/babel/parser/lib/index.js" for 127.0.0.1 at 2023-01-10 21:32:31 -0800
  
ActionController::RoutingError (No route matches [GET] "/babel/parser/lib/index.js"):
  
Started GET "/myflix-logo.png" for 127.0.0.1 at 2023-01-10 21:32:31 -0800
  
ActionController::RoutingError (No route matches [GET] "/myflix-logo.png"):
  
Started GET "/me" for 127.0.0.1 at 2023-01-10 21:33:09 -0800
Processing by UsersController#show as */*
  [1m[36mUser Load (0.7ms)[0m  [1m[34mSELECT "users".* FROM "users" WHERE "users"."id" = $1 LIMIT $2[0m  [["id", 1], ["LIMIT", 1]]
  ↳ app/controllers/users_controller.rb:9:in `show'
[active_model_serializers] Rendered UserSerializer with ActiveModelSerializers::Adapter::Attributes (0.13ms)
Completed 200 OK in 13ms (Views: 0.4ms | ActiveRecord: 0.7ms | Allocations: 839)


Started GET "/babel/parser/lib/index.js" for 127.0.0.1 at 2023-01-10 21:33:27 -0800
  
ActionController::RoutingError (No route matches [GET] "/babel/parser/lib/index.js"):
  
Started GET "/babel/parser/lib/index.js" for 127.0.0.1 at 2023-01-10 21:33:27 -0800
  
ActionController::RoutingError (No route matches [GET] "/babel/parser/lib/index.js"):
  
Started GET "/me" for 127.0.0.1 at 2023-01-10 21:33:59 -0800
Processing by UsersController#show as */*
  [1m[36mUser Load (2.5ms)[0m  [1m[34mSELECT "users".* FROM "users" WHERE "users"."id" = $1 LIMIT $2[0m  [["id", 1], ["LIMIT", 1]]
  ↳ app/controllers/users_controller.rb:9:in `show'
[active_model_serializers] Rendered UserSerializer with ActiveModelSerializers::Adapter::Attributes (0.14ms)
Completed 200 OK in 48ms (Views: 0.4ms | ActiveRecord: 25.6ms | Allocations: 3959)


Started GET "/me" for 127.0.0.1 at 2023-01-10 21:34:01 -0800
Processing by UsersController#show as */*
  [1m[36mUser Load (0.8ms)[0m  [1m[34mSELECT "users".* FROM "users" WHERE "users"."id" = $1 LIMIT $2[0m  [["id", 1], ["LIMIT", 1]]
  ↳ app/controllers/users_controller.rb:9:in `show'
[active_model_serializers] Rendered UserSerializer with ActiveModelSerializers::Adapter::Attributes (0.15ms)
Completed 200 OK in 3ms (Views: 0.5ms | ActiveRecord: 0.8ms | Allocations: 846)


Started GET "/me" for 127.0.0.1 at 2023-01-10 21:34:22 -0800
Processing by UsersController#show as */*
  [1m[36mUser Load (0.3ms)[0m  [1m[34mSELECT "users".* FROM "users" WHERE "users"."id" = $1 LIMIT $2[0m  [["id", 1], ["LIMIT", 1]]
  ↳ app/controllers/users_controller.rb:9:in `show'
[active_model_serializers] Rendered UserSerializer with ActiveModelSerializers::Adapter::Attributes (0.12ms)
Completed 200 OK in 2ms (Views: 0.3ms | ActiveRecord: 0.3ms | Allocations: 842)


Started GET "/me" for 127.0.0.1 at 2023-01-10 21:34:53 -0800
Processing by UsersController#show as */*
  [1m[36mUser Load (0.6ms)[0m  [1m[34mSELECT "users".* FROM "users" WHERE "users"."id" = $1 LIMIT $2[0m  [["id", 1], ["LIMIT", 1]]
  ↳ app/controllers/users_controller.rb:9:in `show'
[active_model_serializers] Rendered UserSerializer with ActiveModelSerializers::Adapter::Attributes (0.12ms)
Completed 200 OK in 4ms (Views: 0.3ms | ActiveRecord: 0.6ms | Allocations: 849)


Started GET "/me" for 127.0.0.1 at 2023-01-10 21:37:08 -0800
Processing by UsersController#show as */*
  [1m[36mUser Load (0.2ms)[0m  [1m[34mSELECT "users".* FROM "users" WHERE "users"."id" = $1 LIMIT $2[0m  [["id", 1], ["LIMIT", 1]]
  ↳ app/controllers/users_controller.rb:9:in `show'
[active_model_serializers] Rendered UserSerializer with ActiveModelSerializers::Adapter::Attributes (0.12ms)
Completed 200 OK in 2ms (Views: 0.3ms | ActiveRecord: 0.2ms | Allocations: 844)


Started GET "/babel/parser/lib/index.js" for 127.0.0.1 at 2023-01-10 21:38:17 -0800
  
ActionController::RoutingError (No route matches [GET] "/babel/parser/lib/index.js"):
  
Started GET "/me" for 127.0.0.1 at 2023-01-10 21:38:18 -0800
Processing by UsersController#show as */*
  [1m[36mUser Load (0.3ms)[0m  [1m[34mSELECT "users".* FROM "users" WHERE "users"."id" = $1 LIMIT $2[0m  [["id", 1], ["LIMIT", 1]]
  ↳ app/controllers/users_controller.rb:9:in `show'
[active_model_serializers] Rendered UserSerializer with ActiveModelSerializers::Adapter::Attributes (0.11ms)
Completed 200 OK in 2ms (Views: 0.3ms | ActiveRecord: 0.3ms | Allocations: 838)


Started GET "/me" for 127.0.0.1 at 2023-01-10 21:39:44 -0800
Processing by UsersController#show as */*
  [1m[36mUser Load (0.7ms)[0m  [1m[34mSELECT "users".* FROM "users" WHERE "users"."id" = $1 LIMIT $2[0m  [["id", 1], ["LIMIT", 1]]
  ↳ app/controllers/users_controller.rb:9:in `show'
[active_model_serializers] Rendered UserSerializer with ActiveModelSerializers::Adapter::Attributes (0.11ms)
Completed 200 OK in 30ms (Views: 0.4ms | ActiveRecord: 7.4ms | Allocations: 3997)


Started GET "/me" for 127.0.0.1 at 2023-01-10 21:40:09 -0800
Processing by UsersController#show as */*
  [1m[36mUser Load (4.6ms)[0m  [1m[34mSELECT "users".* FROM "users" WHERE "users"."id" = $1 LIMIT $2[0m  [["id", 1], ["LIMIT", 1]]
  ↳ app/controllers/users_controller.rb:9:in `show'
[active_model_serializers] Rendered UserSerializer with ActiveModelSerializers::Adapter::Attributes (0.13ms)
Completed 200 OK in 12ms (Views: 1.1ms | ActiveRecord: 4.6ms | Allocations: 842)


Started GET "/me" for 127.0.0.1 at 2023-01-10 21:41:06 -0800
Processing by UsersController#show as */*
  [1m[36mUser Load (2.3ms)[0m  [1m[34mSELECT "users".* FROM "users" WHERE "users"."id" = $1 LIMIT $2[0m  [["id", 1], ["LIMIT", 1]]
  ↳ app/controllers/users_controller.rb:9:in `show'
[active_model_serializers] Rendered UserSerializer with ActiveModelSerializers::Adapter::Attributes (0.15ms)
Completed 200 OK in 22ms (Views: 0.3ms | ActiveRecord: 9.4ms | Allocations: 4003)


Started GET "/me" for 127.0.0.1 at 2023-01-10 21:41:49 -0800
Processing by UsersController#show as */*
  [1m[36mUser Load (0.4ms)[0m  [1m[34mSELECT "users".* FROM "users" WHERE "users"."id" = $1 LIMIT $2[0m  [["id", 1], ["LIMIT", 1]]
  ↳ app/controllers/users_controller.rb:9:in `show'
[active_model_serializers] Rendered UserSerializer with ActiveModelSerializers::Adapter::Attributes (0.12ms)
Completed 200 OK in 26ms (Views: 0.4ms | ActiveRecord: 13.1ms | Allocations: 3966)


Started POST "/login" for 127.0.0.1 at 2023-01-10 21:41:55 -0800
Processing by SessionsController#login as */*
  Parameters: {"username"=>"liv", "password"=>"[FILTERED]", "session"=>{"username"=>"liv", "password"=>"[FILTERED]"}}
  [1m[36mUser Load (0.2ms)[0m  [1m[34mSELECT "users".* FROM "users" WHERE "users"."username" = $1 LIMIT $2[0m  [["username", "liv"], ["LIMIT", 1]]
  ↳ app/controllers/sessions_controller.rb:5:in `login'
[active_model_serializers] Rendered UserSerializer with ActiveModelSerializers::Adapter::Attributes (0.12ms)
Completed 200 OK in 265ms (Views: 0.4ms | ActiveRecord: 0.2ms | Allocations: 873)


Started GET "/me" for 127.0.0.1 at 2023-01-10 21:41:59 -0800
Processing by UsersController#show as */*
  [1m[36mUser Load (0.2ms)[0m  [1m[34mSELECT "users".* FROM "users" WHERE "users"."id" = $1 LIMIT $2[0m  [["id", 1], ["LIMIT", 1]]
  ↳ app/controllers/users_controller.rb:9:in `show'
[active_model_serializers] Rendered UserSerializer with ActiveModelSerializers::Adapter::Attributes (0.11ms)
Completed 200 OK in 7ms (Views: 0.3ms | ActiveRecord: 0.2ms | Allocations: 858)


Started DELETE "/logout" for 127.0.0.1 at 2023-01-10 21:42:13 -0800
Processing by SessionsController#destroy as */*
Completed 204 No Content in 1ms (ActiveRecord: 0.0ms | Allocations: 175)


Started GET "/me" for 127.0.0.1 at 2023-01-10 21:42:13 -0800
Processing by UsersController#show as */*
  [1m[36mUser Load (0.9ms)[0m  [1m[34mSELECT "users".* FROM "users" WHERE "users"."id" IS NULL LIMIT $1[0m  [["LIMIT", 1]]
  ↳ app/controllers/users_controller.rb:9:in `show'
[active_model_serializers] Rendered ActiveModel::Serializer::Null with Hash (0.03ms)
Completed 404 Not Found in 4ms (Views: 0.2ms | ActiveRecord: 0.9ms | Allocations: 880)


Started GET "/me" for 127.0.0.1 at 2023-01-10 21:42:56 -0800
Processing by UsersController#show as */*
  [1m[36mUser Load (0.1ms)[0m  [1m[34mSELECT "users".* FROM "users" WHERE "users"."id" IS NULL LIMIT $1[0m  [["LIMIT", 1]]
  ↳ app/controllers/users_controller.rb:9:in `show'
[active_model_serializers] Rendered ActiveModel::Serializer::Null with Hash (0.05ms)
Completed 404 Not Found in 2ms (Views: 0.2ms | ActiveRecord: 0.1ms | Allocations: 878)


Started GET "/me" for 127.0.0.1 at 2023-01-10 21:47:41 -0800
Processing by UsersController#show as */*
  [1m[36mUser Load (0.4ms)[0m  [1m[34mSELECT "users".* FROM "users" WHERE "users"."id" IS NULL LIMIT $1[0m  [["LIMIT", 1]]
  ↳ app/controllers/users_controller.rb:9:in `show'
[active_model_serializers] Rendered ActiveModel::Serializer::Null with Hash (0.03ms)
Completed 404 Not Found in 38ms (Views: 0.2ms | ActiveRecord: 23.0ms | Allocations: 3996)


Started POST "/login" for 127.0.0.1 at 2023-01-10 21:47:47 -0800
Processing by SessionsController#login as */*
  Parameters: {"username"=>"liv", "password"=>"[FILTERED]", "session"=>{"username"=>"liv", "password"=>"[FILTERED]"}}
  [1m[36mUser Load (3.2ms)[0m  [1m[34mSELECT "users".* FROM "users" WHERE "users"."username" = $1 LIMIT $2[0m  [["username", "liv"], ["LIMIT", 1]]
  ↳ app/controllers/sessions_controller.rb:5:in `login'
[active_model_serializers] Rendered UserSerializer with ActiveModelSerializers::Adapter::Attributes (0.11ms)
Completed 200 OK in 272ms (Views: 0.4ms | ActiveRecord: 3.2ms | Allocations: 869)


Started GET "/me" for 127.0.0.1 at 2023-01-10 21:48:23 -0800
Processing by UsersController#show as */*
  [1m[36mUser Load (0.3ms)[0m  [1m[34mSELECT "users".* FROM "users" WHERE "users"."id" = $1 LIMIT $2[0m  [["id", 1], ["LIMIT", 1]]
  ↳ app/controllers/users_controller.rb:9:in `show'
[active_model_serializers] Rendered UserSerializer with ActiveModelSerializers::Adapter::Attributes (0.12ms)
Completed 200 OK in 4ms (Views: 0.4ms | ActiveRecord: 0.3ms | Allocations: 847)


Started GET "/me" for 127.0.0.1 at 2023-01-10 21:49:31 -0800
Processing by UsersController#show as */*
  [1m[36mUser Load (0.5ms)[0m  [1m[34mSELECT "users".* FROM "users" WHERE "users"."id" = $1 LIMIT $2[0m  [["id", 1], ["LIMIT", 1]]
  ↳ app/controllers/users_controller.rb:9:in `show'
[active_model_serializers] Rendered UserSerializer with ActiveModelSerializers::Adapter::Attributes (0.12ms)
Completed 200 OK in 36ms (Views: 0.4ms | ActiveRecord: 17.6ms | Allocations: 3969)


Started GET "/me" for 127.0.0.1 at 2023-01-10 21:49:36 -0800
Processing by UsersController#show as */*
  [1m[36mUser Load (1.0ms)[0m  [1m[34mSELECT "users".* FROM "users" WHERE "users"."id" = $1 LIMIT $2[0m  [["id", 1], ["LIMIT", 1]]
  ↳ app/controllers/users_controller.rb:9:in `show'
[active_model_serializers] Rendered UserSerializer with ActiveModelSerializers::Adapter::Attributes (0.12ms)
Completed 200 OK in 23ms (Views: 0.3ms | ActiveRecord: 10.2ms | Allocations: 3964)


Started GET "/me" for 127.0.0.1 at 2023-01-10 21:50:18 -0800
Processing by UsersController#show as */*
  [1m[36mUser Load (0.3ms)[0m  [1m[34mSELECT "users".* FROM "users" WHERE "users"."id" = $1 LIMIT $2[0m  [["id", 1], ["LIMIT", 1]]
  ↳ app/controllers/users_controller.rb:9:in `show'
[active_model_serializers] Rendered UserSerializer with ActiveModelSerializers::Adapter::Attributes (0.12ms)
Completed 200 OK in 3ms (Views: 0.4ms | ActiveRecord: 0.3ms | Allocations: 842)


Started GET "/me" for 127.0.0.1 at 2023-01-10 21:50:35 -0800
Processing by UsersController#show as */*
  [1m[36mUser Load (1.9ms)[0m  [1m[34mSELECT "users".* FROM "users" WHERE "users"."id" = $1 LIMIT $2[0m  [["id", 1], ["LIMIT", 1]]
  ↳ app/controllers/users_controller.rb:9:in `show'
[active_model_serializers] Rendered UserSerializer with ActiveModelSerializers::Adapter::Attributes (0.12ms)
Completed 200 OK in 3ms (Views: 0.3ms | ActiveRecord: 1.9ms | Allocations: 844)


Started DELETE "/logout" for 127.0.0.1 at 2023-01-10 21:51:33 -0800
Processing by SessionsController#destroy as */*
Completed 204 No Content in 1ms (ActiveRecord: 0.0ms | Allocations: 176)


Started GET "/me" for 127.0.0.1 at 2023-01-10 21:51:34 -0800
Processing by UsersController#show as */*
  [1m[36mUser Load (0.2ms)[0m  [1m[34mSELECT "users".* FROM "users" WHERE "users"."id" IS NULL LIMIT $1[0m  [["LIMIT", 1]]
  ↳ app/controllers/users_controller.rb:9:in `show'
[active_model_serializers] Rendered ActiveModel::Serializer::Null with Hash (0.03ms)
Completed 404 Not Found in 1ms (Views: 0.2ms | ActiveRecord: 0.2ms | Allocations: 877)


Started POST "/login" for 127.0.0.1 at 2023-01-10 21:51:36 -0800
Processing by SessionsController#login as */*
  Parameters: {"username"=>"liv", "password"=>"[FILTERED]", "session"=>{"username"=>"liv", "password"=>"[FILTERED]"}}
  [1m[36mUser Load (0.4ms)[0m  [1m[34mSELECT "users".* FROM "users" WHERE "users"."username" = $1 LIMIT $2[0m  [["username", "liv"], ["LIMIT", 1]]
  ↳ app/controllers/sessions_controller.rb:5:in `login'
[active_model_serializers] Rendered UserSerializer with ActiveModelSerializers::Adapter::Attributes (0.14ms)
Completed 200 OK in 280ms (Views: 0.4ms | ActiveRecord: 20.2ms | Allocations: 3987)


Started GET "/me" for 127.0.0.1 at 2023-01-10 21:51:39 -0800
Processing by UsersController#show as */*
  [1m[36mUser Load (0.2ms)[0m  [1m[34mSELECT "users".* FROM "users" WHERE "users"."id" = $1 LIMIT $2[0m  [["id", 1], ["LIMIT", 1]]
  ↳ app/controllers/users_controller.rb:9:in `show'
[active_model_serializers] Rendered UserSerializer with ActiveModelSerializers::Adapter::Attributes (0.12ms)
Completed 200 OK in 2ms (Views: 0.3ms | ActiveRecord: 0.2ms | Allocations: 845)


Started DELETE "/logout" for 127.0.0.1 at 2023-01-10 21:53:28 -0800
Processing by SessionsController#destroy as */*
Completed 204 No Content in 0ms (ActiveRecord: 0.0ms | Allocations: 168)


Started GET "/me" for 127.0.0.1 at 2023-01-10 21:53:28 -0800
Processing by UsersController#show as */*
  [1m[36mUser Load (1.5ms)[0m  [1m[34mSELECT "users".* FROM "users" WHERE "users"."id" IS NULL LIMIT $1[0m  [["LIMIT", 1]]
  ↳ app/controllers/users_controller.rb:9:in `show'
[active_model_serializers] Rendered ActiveModel::Serializer::Null with Hash (0.03ms)
Completed 404 Not Found in 5ms (Views: 0.2ms | ActiveRecord: 1.5ms | Allocations: 883)


Started GET "/me" for 127.0.0.1 at 2023-01-10 21:53:55 -0800
Processing by UsersController#show as */*
  [1m[36mUser Load (0.5ms)[0m  [1m[34mSELECT "users".* FROM "users" WHERE "users"."id" IS NULL LIMIT $1[0m  [["LIMIT", 1]]
  ↳ app/controllers/users_controller.rb:9:in `show'
[active_model_serializers] Rendered ActiveModel::Serializer::Null with Hash (0.03ms)
Completed 404 Not Found in 3ms (Views: 0.2ms | ActiveRecord: 0.5ms | Allocations: 876)


Started POST "/login" for 127.0.0.1 at 2023-01-10 21:54:16 -0800
Processing by SessionsController#login as */*
  Parameters: {"username"=>"liv", "password"=>"[FILTERED]", "session"=>{"username"=>"liv", "password"=>"[FILTERED]"}}
  [1m[36mUser Load (0.3ms)[0m  [1m[34mSELECT "users".* FROM "users" WHERE "users"."username" = $1 LIMIT $2[0m  [["username", "liv"], ["LIMIT", 1]]
  ↳ app/controllers/sessions_controller.rb:5:in `login'
[active_model_serializers] Rendered UserSerializer with ActiveModelSerializers::Adapter::Attributes (0.14ms)
Completed 200 OK in 266ms (Views: 0.4ms | ActiveRecord: 0.3ms | Allocations: 856)


Started GET "/me" for 127.0.0.1 at 2023-01-10 21:54:20 -0800
Processing by UsersController#show as */*
  [1m[36mUser Load (0.2ms)[0m  [1m[34mSELECT "users".* FROM "users" WHERE "users"."id" = $1 LIMIT $2[0m  [["id", 1], ["LIMIT", 1]]
  ↳ app/controllers/users_controller.rb:9:in `show'
[active_model_serializers] Rendered UserSerializer with ActiveModelSerializers::Adapter::Attributes (0.11ms)
Completed 200 OK in 3ms (Views: 0.3ms | ActiveRecord: 0.2ms | Allocations: 842)


Started GET "/me" for 127.0.0.1 at 2023-01-10 21:55:27 -0800
Processing by UsersController#show as */*
  [1m[36mUser Load (0.2ms)[0m  [1m[34mSELECT "users".* FROM "users" WHERE "users"."id" = $1 LIMIT $2[0m  [["id", 1], ["LIMIT", 1]]
  ↳ app/controllers/users_controller.rb:9:in `show'
[active_model_serializers] Rendered UserSerializer with ActiveModelSerializers::Adapter::Attributes (0.11ms)
Completed 200 OK in 2ms (Views: 0.3ms | ActiveRecord: 0.2ms | Allocations: 836)


Started GET "/users/myflix-logo.png" for 127.0.0.1 at 2023-01-10 21:55:27 -0800
Processing by UsersController#show as PNG
  Parameters: {"id"=>"myflix-logo"}
  [1m[36mUser Load (1.5ms)[0m  [1m[34mSELECT "users".* FROM "users" WHERE "users"."id" = $1 LIMIT $2[0m  [["id", 1], ["LIMIT", 1]]
  ↳ app/controllers/users_controller.rb:9:in `show'
[active_model_serializers] Rendered UserSerializer with ActiveModelSerializers::Adapter::Attributes (0.11ms)
Completed 200 OK in 3ms (Views: 0.3ms | ActiveRecord: 1.5ms | Allocations: 834)


Started GET "/users/babel/parser/lib/index.js" for 127.0.0.1 at 2023-01-10 21:57:10 -0800
  
ActionController::RoutingError (No route matches [GET] "/users/babel/parser/lib/index.js"):
  
Started GET "/users/babel/parser/lib/index.js" for 127.0.0.1 at 2023-01-10 21:57:23 -0800
  
ActionController::RoutingError (No route matches [GET] "/users/babel/parser/lib/index.js"):
  
Started GET "/users/babel/parser/lib/index.js" for 127.0.0.1 at 2023-01-10 21:57:23 -0800
  
ActionController::RoutingError (No route matches [GET] "/users/babel/parser/lib/index.js"):
  
Started GET "/me" for 127.0.0.1 at 2023-01-10 21:58:55 -0800
Processing by UsersController#show as */*
  [1m[36mUser Load (0.7ms)[0m  [1m[34mSELECT "users".* FROM "users" WHERE "users"."id" = $1 LIMIT $2[0m  [["id", 1], ["LIMIT", 1]]
  ↳ app/controllers/users_controller.rb:9:in `show'
[active_model_serializers] Rendered UserSerializer with ActiveModelSerializers::Adapter::Attributes (0.15ms)
Completed 200 OK in 2ms (Views: 0.4ms | ActiveRecord: 0.7ms | Allocations: 841)


Started GET "/users/myflix-logo.png" for 127.0.0.1 at 2023-01-10 21:58:55 -0800
Processing by UsersController#show as PNG
  Parameters: {"id"=>"myflix-logo"}
  [1m[36mUser Load (0.7ms)[0m  [1m[34mSELECT "users".* FROM "users" WHERE "users"."id" = $1 LIMIT $2[0m  [["id", 1], ["LIMIT", 1]]
  ↳ app/controllers/users_controller.rb:9:in `show'
[active_model_serializers] Rendered UserSerializer with ActiveModelSerializers::Adapter::Attributes (0.12ms)
Completed 200 OK in 5ms (Views: 0.3ms | ActiveRecord: 0.7ms | Allocations: 835)


Started GET "/me" for 127.0.0.1 at 2023-01-10 21:58:58 -0800
Processing by UsersController#show as */*
  [1m[36mUser Load (0.9ms)[0m  [1m[34mSELECT "users".* FROM "users" WHERE "users"."id" = $1 LIMIT $2[0m  [["id", 1], ["LIMIT", 1]]
  ↳ app/controllers/users_controller.rb:9:in `show'
[active_model_serializers] Rendered UserSerializer with ActiveModelSerializers::Adapter::Attributes (0.15ms)
Completed 200 OK in 28ms (Views: 0.4ms | ActiveRecord: 14.1ms | Allocations: 3977)


Started GET "/users/myflix-logo.png" for 127.0.0.1 at 2023-01-10 21:58:58 -0800
Processing by UsersController#show as PNG
  Parameters: {"id"=>"myflix-logo"}
  [1m[36mUser Load (2.8ms)[0m  [1m[34mSELECT "users".* FROM "users" WHERE "users"."id" = $1 LIMIT $2[0m  [["id", 1], ["LIMIT", 1]]
  ↳ app/controllers/users_controller.rb:9:in `show'
[active_model_serializers] Rendered UserSerializer with ActiveModelSerializers::Adapter::Attributes (0.12ms)
Completed 200 OK in 4ms (Views: 0.3ms | ActiveRecord: 2.8ms | Allocations: 837)


Started DELETE "/logout" for 127.0.0.1 at 2023-01-10 21:59:01 -0800
Processing by SessionsController#destroy as */*
Completed 204 No Content in 2ms (ActiveRecord: 0.0ms | Allocations: 178)


Started GET "/me" for 127.0.0.1 at 2023-01-10 21:59:01 -0800
Processing by UsersController#show as */*
  [1m[36mUser Load (0.5ms)[0m  [1m[34mSELECT "users".* FROM "users" WHERE "users"."id" IS NULL LIMIT $1[0m  [["LIMIT", 1]]
  ↳ app/controllers/users_controller.rb:9:in `show'
[active_model_serializers] Rendered ActiveModel::Serializer::Null with Hash (0.03ms)
Completed 404 Not Found in 10ms (Views: 0.2ms | ActiveRecord: 0.5ms | Allocations: 878)


Started POST "/login" for 127.0.0.1 at 2023-01-10 22:01:16 -0800
Processing by SessionsController#login as */*
  Parameters: {"username"=>"liv", "password"=>"[FILTERED]", "session"=>{"username"=>"liv", "password"=>"[FILTERED]"}}
  [1m[36mUser Load (0.4ms)[0m  [1m[34mSELECT "users".* FROM "users" WHERE "users"."username" = $1 LIMIT $2[0m  [["username", "liv"], ["LIMIT", 1]]
  ↳ app/controllers/sessions_controller.rb:5:in `login'
[active_model_serializers] Rendered UserSerializer with ActiveModelSerializers::Adapter::Attributes (0.13ms)
Completed 200 OK in 279ms (Views: 0.4ms | ActiveRecord: 12.9ms | Allocations: 3984)


Started GET "/me" for 127.0.0.1 at 2023-01-10 22:01:19 -0800
Processing by UsersController#show as */*
  [1m[36mUser Load (0.2ms)[0m  [1m[34mSELECT "users".* FROM "users" WHERE "users"."id" = $1 LIMIT $2[0m  [["id", 1], ["LIMIT", 1]]
  ↳ app/controllers/users_controller.rb:9:in `show'
[active_model_serializers] Rendered UserSerializer with ActiveModelSerializers::Adapter::Attributes (0.13ms)
Completed 200 OK in 2ms (Views: 0.4ms | ActiveRecord: 0.2ms | Allocations: 841)


Started GET "/users/myflix-logo.png" for 127.0.0.1 at 2023-01-10 22:01:19 -0800
Processing by UsersController#show as PNG
  Parameters: {"id"=>"myflix-logo"}
  [1m[36mUser Load (0.3ms)[0m  [1m[34mSELECT "users".* FROM "users" WHERE "users"."id" = $1 LIMIT $2[0m  [["id", 1], ["LIMIT", 1]]
  ↳ app/controllers/users_controller.rb:9:in `show'
[active_model_serializers] Rendered UserSerializer with ActiveModelSerializers::Adapter::Attributes (0.17ms)
Completed 200 OK in 2ms (Views: 0.4ms | ActiveRecord: 0.3ms | Allocations: 839)


Started DELETE "/logout" for 127.0.0.1 at 2023-01-10 22:01:36 -0800
Processing by SessionsController#destroy as */*
Completed 204 No Content in 3ms (ActiveRecord: 0.0ms | Allocations: 186)


Started GET "/me" for 127.0.0.1 at 2023-01-10 22:01:36 -0800
Processing by UsersController#show as */*
  [1m[36mUser Load (0.9ms)[0m  [1m[34mSELECT "users".* FROM "users" WHERE "users"."id" IS NULL LIMIT $1[0m  [["LIMIT", 1]]
  ↳ app/controllers/users_controller.rb:9:in `show'
[active_model_serializers] Rendered ActiveModel::Serializer::Null with Hash (0.03ms)
Completed 404 Not Found in 3ms (Views: 0.2ms | ActiveRecord: 0.9ms | Allocations: 875)


Started GET "/me" for 127.0.0.1 at 2023-01-10 22:02:29 -0800
Processing by UsersController#show as */*
  [1m[36mUser Load (0.5ms)[0m  [1m[34mSELECT "users".* FROM "users" WHERE "users"."id" IS NULL LIMIT $1[0m  [["LIMIT", 1]]
  ↳ app/controllers/users_controller.rb:9:in `show'
[active_model_serializers] Rendered ActiveModel::Serializer::Null with Hash (0.03ms)
Completed 404 Not Found in 2ms (Views: 0.2ms | ActiveRecord: 0.5ms | Allocations: 875)


Started POST "/login" for 127.0.0.1 at 2023-01-10 22:03:03 -0800
Processing by SessionsController#login as */*
  Parameters: {"username"=>"liv", "password"=>"[FILTERED]", "session"=>{"username"=>"liv", "password"=>"[FILTERED]"}}
  [1m[36mUser Load (0.6ms)[0m  [1m[34mSELECT "users".* FROM "users" WHERE "users"."username" = $1 LIMIT $2[0m  [["username", "liv"], ["LIMIT", 1]]
  ↳ app/controllers/sessions_controller.rb:5:in `login'
[active_model_serializers] Rendered UserSerializer with ActiveModelSerializers::Adapter::Attributes (0.19ms)
Completed 200 OK in 279ms (Views: 0.6ms | ActiveRecord: 0.6ms | Allocations: 875)


Started GET "/me" for 127.0.0.1 at 2023-01-10 22:03:07 -0800
Processing by UsersController#show as */*
  [1m[36mUser Load (0.2ms)[0m  [1m[34mSELECT "users".* FROM "users" WHERE "users"."id" = $1 LIMIT $2[0m  [["id", 1], ["LIMIT", 1]]
  ↳ app/controllers/users_controller.rb:9:in `show'
[active_model_serializers] Rendered UserSerializer with ActiveModelSerializers::Adapter::Attributes (0.12ms)
Completed 200 OK in 1ms (Views: 0.3ms | ActiveRecord: 0.2ms | Allocations: 844)


Started GET "/users/myflix-logo.png" for 127.0.0.1 at 2023-01-10 22:03:07 -0800
Processing by UsersController#show as PNG
  Parameters: {"id"=>"myflix-logo"}
  [1m[36mUser Load (0.2ms)[0m  [1m[34mSELECT "users".* FROM "users" WHERE "users"."id" = $1 LIMIT $2[0m  [["id", 1], ["LIMIT", 1]]
  ↳ app/controllers/users_controller.rb:9:in `show'
[active_model_serializers] Rendered UserSerializer with ActiveModelSerializers::Adapter::Attributes (0.12ms)
Completed 200 OK in 2ms (Views: 0.3ms | ActiveRecord: 0.2ms | Allocations: 830)


Started GET "/me" for 127.0.0.1 at 2023-01-10 22:03:43 -0800
Processing by UsersController#show as */*
  [1m[36mUser Load (0.3ms)[0m  [1m[34mSELECT "users".* FROM "users" WHERE "users"."id" = $1 LIMIT $2[0m  [["id", 1], ["LIMIT", 1]]
  ↳ app/controllers/users_controller.rb:9:in `show'
[active_model_serializers] Rendered UserSerializer with ActiveModelSerializers::Adapter::Attributes (0.13ms)
Completed 200 OK in 2ms (Views: 0.3ms | ActiveRecord: 0.3ms | Allocations: 848)


Started GET "/users/myflix-logo.png" for 127.0.0.1 at 2023-01-10 22:03:43 -0800
Processing by UsersController#show as PNG
  Parameters: {"id"=>"myflix-logo"}
  [1m[36mUser Load (0.3ms)[0m  [1m[34mSELECT "users".* FROM "users" WHERE "users"."id" = $1 LIMIT $2[0m  [["id", 1], ["LIMIT", 1]]
  ↳ app/controllers/users_controller.rb:9:in `show'
[active_model_serializers] Rendered UserSerializer with ActiveModelSerializers::Adapter::Attributes (0.12ms)
Completed 200 OK in 2ms (Views: 0.3ms | ActiveRecord: 0.3ms | Allocations: 839)


Started GET "/users/babel/parser/lib/index.js" for 127.0.0.1 at 2023-01-10 22:07:21 -0800
  
ActionController::RoutingError (No route matches [GET] "/users/babel/parser/lib/index.js"):
  
Started GET "/users/babel/parser/lib/index.js" for 127.0.0.1 at 2023-01-10 22:07:21 -0800
  
ActionController::RoutingError (No route matches [GET] "/users/babel/parser/lib/index.js"):
  
Started GET "/users/babel/parser/lib/index.js" for 127.0.0.1 at 2023-01-10 22:07:21 -0800
  
ActionController::RoutingError (No route matches [GET] "/users/babel/parser/lib/index.js"):
  
Started GET "/users/babel/parser/lib/index.js" for 127.0.0.1 at 2023-01-10 22:07:56 -0800
  
ActionController::RoutingError (No route matches [GET] "/users/babel/parser/lib/index.js"):
  
Started GET "/me" for 127.0.0.1 at 2023-01-10 22:08:14 -0800
Processing by UsersController#show as */*
  [1m[36mUser Load (0.6ms)[0m  [1m[34mSELECT "users".* FROM "users" WHERE "users"."id" = $1 LIMIT $2[0m  [["id", 1], ["LIMIT", 1]]
  ↳ app/controllers/users_controller.rb:9:in `show'
[active_model_serializers] Rendered UserSerializer with ActiveModelSerializers::Adapter::Attributes (0.13ms)
Completed 200 OK in 2ms (Views: 0.4ms | ActiveRecord: 0.6ms | Allocations: 835)


Started GET "/users/myflix-logo.png" for 127.0.0.1 at 2023-01-10 22:08:14 -0800
Processing by UsersController#show as PNG
  Parameters: {"id"=>"myflix-logo"}
  [1m[36mUser Load (0.5ms)[0m  [1m[34mSELECT "users".* FROM "users" WHERE "users"."id" = $1 LIMIT $2[0m  [["id", 1], ["LIMIT", 1]]
  ↳ app/controllers/users_controller.rb:9:in `show'
[active_model_serializers] Rendered UserSerializer with ActiveModelSerializers::Adapter::Attributes (0.14ms)
Completed 200 OK in 3ms (Views: 0.6ms | ActiveRecord: 0.5ms | Allocations: 836)


